
CommandNotFoundError: Your shell has not been properly configured to use 'conda activate'.
To initialize your shell, run

    $ conda init <SHELL_NAME>

Currently supported shells are:
  - bash
  - fish
  - tcsh
  - xonsh
  - zsh
  - powershell

See 'conda init --help' for more information and options.

IMPORTANT: You may need to close and restart your shell after running 'conda init'.


YOLOv5  torch 1.7.1 CUDA:0 (Tesla V100-PCIE-32GB, 32510.5MB)
                    CUDA:1 (Tesla V100-PCIE-32GB, 32510.5MB)

Namespace(adam=False, batch_size=32, bucket='', cache_images=False, cfg='/lfs/usrhome/btech/ed16b016/scratch/project/yolov5/models/yolov5x.yaml', data='/lfs/usrhome/btech/ed16b016/scratch/project/yolov5/data/vinbig.yaml', device='', entity=None, epochs=50, evolve=False, exist_ok=False, global_rank=-1, hyp='/lfs/usrhome/btech/ed16b016/scratch/project/yolov5/data/hyp.scratch.yaml', image_weights=False, img_size=[1024, 1024], linear_lr=False, local_rank=-1, log_artifacts=False, log_imgs=16, multi_scale=False, name='exp', noautoanchor=False, nosave=False, notest=False, project='runs/train', quad=False, rect=False, resume=False, save_dir='runs/train/exp8', single_cls=False, sync_bn=False, total_batch_size=32, weights='/lfs/usrhome/btech/ed16b016/scratch/project/yolov5x.pt', workers=8, world_size=1)
[34m[1mwandb: [0mInstall Weights & Biases for YOLOv5 logging with 'pip install wandb' (recommended)
Start Tensorboard with "tensorboard --logdir runs/train", view at http://localhost:6006/
[34m[1mhyperparameters: [0mlr0=0.01, lrf=0.2, momentum=0.937, weight_decay=0.0005, warmup_epochs=3.0, warmup_momentum=0.8, warmup_bias_lr=0.1, box=0.05, cls=0.5, cls_pw=1.0, obj=1.0, obj_pw=1.0, iou_t=0.2, anchor_t=4.0, fl_gamma=0.0, hsv_h=0.015, hsv_s=0.7, hsv_v=0.4, degrees=0.0, translate=0.1, scale=0.5, shear=0.0, perspective=0.0, flipud=0.0, fliplr=0.5, mosaic=1.0, mixup=0.0

                 from  n    params  module                                  arguments                     
  0                -1  1      8800  models.common.Focus                     [3, 80, 3]                    
  1                -1  1    115520  models.common.Conv                      [80, 160, 3, 2]               
  2                -1  1    309120  models.common.C3                        [160, 160, 4]                 
  3                -1  1    461440  models.common.Conv                      [160, 320, 3, 2]              
  4                -1  1   3285760  models.common.C3                        [320, 320, 12]                
  5                -1  1   1844480  models.common.Conv                      [320, 640, 3, 2]              
  6                -1  1  13125120  models.common.C3                        [640, 640, 12]                
  7                -1  1   7375360  models.common.Conv                      [640, 1280, 3, 2]             
  8                -1  1   4099840  models.common.SPP                       [1280, 1280, [5, 9, 13]]      
  9                -1  1  19676160  models.common.C3                        [1280, 1280, 4, False]        
 10                -1  1    820480  models.common.Conv                      [1280, 640, 1, 1]             
 11                -1  1         0  torch.nn.modules.upsampling.Upsample    [None, 2, 'nearest']          
 12           [-1, 6]  1         0  models.common.Concat                    [1]                           
 13                -1  1   5332480  models.common.C3                        [1280, 640, 4, False]         
 14                -1  1    205440  models.common.Conv                      [640, 320, 1, 1]              
 15                -1  1         0  torch.nn.modules.upsampling.Upsample    [None, 2, 'nearest']          
 16           [-1, 4]  1         0  models.common.Concat                    [1]                           
 17                -1  1   1335040  models.common.C3                        [640, 320, 4, False]          
 18                -1  1    922240  models.common.Conv                      [320, 320, 3, 2]              
 19          [-1, 14]  1         0  models.common.Concat                    [1]                           
 20                -1  1   4922880  models.common.C3                        [640, 640, 4, False]          
 21                -1  1   3687680  models.common.Conv                      [640, 640, 3, 2]              
 22          [-1, 10]  1         0  models.common.Concat                    [1]                           
 23                -1  1  19676160  models.common.C3                        [1280, 1280, 4, False]        
 24      [17, 20, 23]  1    127851  models.yolo.Detect                      [14, [[10, 13, 16, 30, 33, 23], [30, 61, 62, 45, 59, 119], [116, 90, 156, 198, 373, 326]], [320, 640, 1280]]
Model Summary: 607 layers, 87331851 parameters, 87331851 gradients, 217.6 GFLOPS

Transferred 786/794 items from /lfs/usrhome/btech/ed16b016/scratch/project/yolov5x.pt
Scaled weight_decay = 0.0005
Optimizer groups: 134 .bias, 134 conv.weight, 131 other

[34m[1mtrain: [0mScanning '/lfs/usrhome/btech/ed16b016/scratch/project/VinBig_yolov4_cfg/train_.cache' for images and labels... 12000 found, 0 missing, 8486 empty, 0 corrupted: 100%|██████████| 12000/12000 [00:00<?, ?it/s]
[34m[1mtrain: [0mScanning '/lfs/usrhome/btech/ed16b016/scratch/project/VinBig_yolov4_cfg/train_.cache' for images and labels... 12000 found, 0 missing, 8486 empty, 0 corrupted: 100%|██████████| 12000/12000 [00:00<?, ?it/s]

[34m[1mval: [0mScanning '/lfs/usrhome/btech/ed16b016/scratch/project/VinBig_yolov4_cfg/val_.cache' for images and labels... 3000 found, 0 missing, 2120 empty, 0 corrupted: 100%|██████████| 3000/3000 [00:00<?, ?it/s]
[34m[1mval: [0mScanning '/lfs/usrhome/btech/ed16b016/scratch/project/VinBig_yolov4_cfg/val_.cache' for images and labels... 3000 found, 0 missing, 2120 empty, 0 corrupted: 100%|██████████| 3000/3000 [00:00<?, ?it/s]
Image sizes 1024 train, 1024 test
Using 8 dataloader workers
Logging results to runs/train/exp8
Starting training for 50 epochs...

     Epoch   gpu_mem       box       obj       cls     total    labels  img_size

  0%|          | 0/375 [00:00<?, ?it/s]
  0%|          | 0/375 [00:12<?, ?it/s]
Traceback (most recent call last):
  File "/lfs/usrhome/btech/ed16b016/scratch/project/yolov5/train_1.py", line 533, in <module>
    train(hyp, opt, device, tb_writer, wandb)
  File "/lfs/usrhome/btech/ed16b016/scratch/project/yolov5/train_1.py", line 298, in train
    pred = model(imgs)  # forward
  File "/lfs/usrhome/btech/ed16b016/.conda/envs/ganu/lib/python3.7/site-packages/torch/nn/modules/module.py", line 727, in _call_impl
    result = self.forward(*input, **kwargs)
  File "/lfs/usrhome/btech/ed16b016/.conda/envs/ganu/lib/python3.7/site-packages/torch/nn/parallel/data_parallel.py", line 161, in forward
    outputs = self.parallel_apply(replicas, inputs, kwargs)
  File "/lfs/usrhome/btech/ed16b016/.conda/envs/ganu/lib/python3.7/site-packages/torch/nn/parallel/data_parallel.py", line 171, in parallel_apply
    return parallel_apply(replicas, inputs, kwargs, self.device_ids[:len(replicas)])
  File "/lfs/usrhome/btech/ed16b016/.conda/envs/ganu/lib/python3.7/site-packages/torch/nn/parallel/parallel_apply.py", line 86, in parallel_apply
    output.reraise()
  File "/lfs/usrhome/btech/ed16b016/.conda/envs/ganu/lib/python3.7/site-packages/torch/_utils.py", line 428, in reraise
    raise self.exc_type(msg)
RuntimeError: Caught RuntimeError in replica 1 on device 1.
Original Traceback (most recent call last):
  File "/lfs/usrhome/btech/ed16b016/.conda/envs/ganu/lib/python3.7/site-packages/torch/nn/parallel/parallel_apply.py", line 61, in _worker
    output = module(*input, **kwargs)
  File "/lfs/usrhome/btech/ed16b016/.conda/envs/ganu/lib/python3.7/site-packages/torch/nn/modules/module.py", line 727, in _call_impl
    result = self.forward(*input, **kwargs)
  File "/lfs1/usrscratch/btech/ed16b016/project/yolov5/models/yolo.py", line 121, in forward
    return self.forward_once(x, profile)  # single-scale inference, train
  File "/lfs1/usrscratch/btech/ed16b016/project/yolov5/models/yolo.py", line 137, in forward_once
    x = m(x)  # run
  File "/lfs/usrhome/btech/ed16b016/.conda/envs/ganu/lib/python3.7/site-packages/torch/nn/modules/module.py", line 727, in _call_impl
    result = self.forward(*input, **kwargs)
  File "/lfs1/usrscratch/btech/ed16b016/project/yolov5/models/common.py", line 89, in forward
    return self.cv3(torch.cat((self.m(self.cv1(x)), self.cv2(x)), dim=1))
  File "/lfs/usrhome/btech/ed16b016/.conda/envs/ganu/lib/python3.7/site-packages/torch/nn/modules/module.py", line 727, in _call_impl
    result = self.forward(*input, **kwargs)
  File "/lfs/usrhome/btech/ed16b016/.conda/envs/ganu/lib/python3.7/site-packages/torch/nn/modules/container.py", line 117, in forward
    input = module(input)
  File "/lfs/usrhome/btech/ed16b016/.conda/envs/ganu/lib/python3.7/site-packages/torch/nn/modules/module.py", line 727, in _call_impl
    result = self.forward(*input, **kwargs)
  File "/lfs1/usrscratch/btech/ed16b016/project/yolov5/models/common.py", line 55, in forward
    return x + self.cv2(self.cv1(x)) if self.add else self.cv2(self.cv1(x))
  File "/lfs/usrhome/btech/ed16b016/.conda/envs/ganu/lib/python3.7/site-packages/torch/nn/modules/module.py", line 727, in _call_impl
    result = self.forward(*input, **kwargs)
  File "/lfs1/usrscratch/btech/ed16b016/project/yolov5/models/common.py", line 39, in forward
    return self.act(self.bn(self.conv(x)))
  File "/lfs/usrhome/btech/ed16b016/.conda/envs/ganu/lib/python3.7/site-packages/torch/nn/modules/module.py", line 727, in _call_impl
    result = self.forward(*input, **kwargs)
  File "/lfs/usrhome/btech/ed16b016/.conda/envs/ganu/lib/python3.7/site-packages/torch/nn/modules/conv.py", line 423, in forward
    return self._conv_forward(input, self.weight)
  File "/lfs/usrhome/btech/ed16b016/.conda/envs/ganu/lib/python3.7/site-packages/torch/nn/modules/conv.py", line 420, in _conv_forward
    self.padding, self.dilation, self.groups)
RuntimeError: CUDA out of memory. Tried to allocate 2.00 MiB (GPU 1; 31.75 GiB total capacity; 20.70 GiB already allocated; 2.81 MiB free; 30.16 GiB reserved in total by PyTorch)


CommandNotFoundError: Your shell has not been properly configured to use 'conda deactivate'.
To initialize your shell, run

    $ conda init <SHELL_NAME>

Currently supported shells are:
  - bash
  - fish
  - tcsh
  - xonsh
  - zsh
  - powershell

See 'conda init --help' for more information and options.

IMPORTANT: You may need to close and restart your shell after running 'conda init'.


