/lfs/usrhome/btech/ed16b016/.conda/envs/ganu/lib/python3.7/site-packages/torch/cuda/__init__.py:52: UserWarning: CUDA initialization: The NVIDIA driver on your system is too old (found version 10010). Please update your GPU driver by downloading and installing a new version from the URL: http://www.nvidia.com/Download/index.aspx Alternatively, go to: https://pytorch.org to install a PyTorch version that has been compiled with your version of the CUDA driver. (Triggered internally at  /pytorch/c10/cuda/CUDAFunctions.cpp:109.)
  return torch._C._cuda_getDeviceCount() > 0
YOLOv5  torch 1.8.0 CPU

Namespace(adam=True, batch_size=16, bucket='', cache_images=False, cfg='/lfs/usrhome/btech/ed16b016/scratch/project/yolov5/models/yolov5x.yaml', data='/lfs/usrhome/btech/ed16b016/scratch/project/yolov5/data/vinbig.yaml', device='', entity=None, epochs=50, evolve=False, exist_ok=False, global_rank=-1, hyp='/lfs/usrhome/btech/ed16b016/scratch/project/yolov5/data/hyp.scratch.yaml', image_weights=False, img_size=[1024, 1024], linear_lr=False, local_rank=-1, log_artifacts=False, log_imgs=16, multi_scale=False, name='exp', noautoanchor=False, nosave=False, notest=False, project='runs/train', quad=False, rect=False, resume=False, save_dir='runs/train/exp4', single_cls=False, sync_bn=False, total_batch_size=16, weights='/lfs/usrhome/btech/ed16b016/scratch/project/yolov5x.pt', workers=8, world_size=1)
[34m[1mwandb: [0mInstall Weights & Biases for YOLOv5 logging with 'pip install wandb' (recommended)
Start Tensorboard with "tensorboard --logdir runs/train", view at http://localhost:6006/
[34m[1mhyperparameters: [0mlr0=0.01, lrf=0.2, momentum=0.937, weight_decay=0.0005, warmup_epochs=3.0, warmup_momentum=0.8, warmup_bias_lr=0.1, box=0.05, cls=0.5, cls_pw=1.0, obj=1.0, obj_pw=1.0, iou_t=0.2, anchor_t=4.0, fl_gamma=0.0, hsv_h=0.015, hsv_s=0.7, hsv_v=0.4, degrees=0.0, translate=0.1, scale=0.5, shear=0.0, perspective=0.0, flipud=0.0, fliplr=0.5, mosaic=1.0, mixup=0.0

                 from  n    params  module                                  arguments                     
  0                -1  1      8800  models.common.Focus                     [3, 80, 3]                    
  1                -1  1    115520  models.common.Conv                      [80, 160, 3, 2]               
  2                -1  1    309120  models.common.C3                        [160, 160, 4]                 
  3                -1  1    461440  models.common.Conv                      [160, 320, 3, 2]              
  4                -1  1   3285760  models.common.C3                        [320, 320, 12]                
  5                -1  1   1844480  models.common.Conv                      [320, 640, 3, 2]              
  6                -1  1  13125120  models.common.C3                        [640, 640, 12]                
  7                -1  1   7375360  models.common.Conv                      [640, 1280, 3, 2]             
  8                -1  1   4099840  models.common.SPP                       [1280, 1280, [5, 9, 13]]      
  9                -1  1  19676160  models.common.C3                        [1280, 1280, 4, False]        
 10                -1  1    820480  models.common.Conv                      [1280, 640, 1, 1]             
 11                -1  1         0  torch.nn.modules.upsampling.Upsample    [None, 2, 'nearest']          
 12           [-1, 6]  1         0  models.common.Concat                    [1]                           
 13                -1  1   5332480  models.common.C3                        [1280, 640, 4, False]         
 14                -1  1    205440  models.common.Conv                      [640, 320, 1, 1]              
 15                -1  1         0  torch.nn.modules.upsampling.Upsample    [None, 2, 'nearest']          
 16           [-1, 4]  1         0  models.common.Concat                    [1]                           
 17                -1  1   1335040  models.common.C3                        [640, 320, 4, False]          
 18                -1  1    922240  models.common.Conv                      [320, 320, 3, 2]              
 19          [-1, 14]  1         0  models.common.Concat                    [1]                           
 20                -1  1   4922880  models.common.C3                        [640, 640, 4, False]          
 21                -1  1   3687680  models.common.Conv                      [640, 640, 3, 2]              
 22          [-1, 10]  1         0  models.common.Concat                    [1]                           
 23                -1  1  19676160  models.common.C3                        [1280, 1280, 4, False]        
 24      [17, 20, 23]  1    127851  models.yolo.Detect                      [14, [[10, 13, 16, 30, 33, 23], [30, 61, 62, 45, 59, 119], [116, 90, 156, 198, 373, 326]], [320, 640, 1280]]
Model Summary: 607 layers, 87331851 parameters, 87331851 gradients, 217.6 GFLOPS

Transferred 786/794 items from /lfs/usrhome/btech/ed16b016/scratch/project/yolov5x.pt
Scaled weight_decay = 0.0005
Optimizer groups: 134 .bias, 134 conv.weight, 131 other

[34m[1mtrain: [0mScanning '/lfs/usrhome/btech/ed16b016/scratch/project/VinBig_yolov4_cfg/train_.cache' for images and labels... 12000 found, 0 missing, 8486 empty, 0 corrupted: 100%|â–ˆâ–ˆâ–ˆâ–ˆâ–ˆâ–ˆâ–ˆâ–ˆâ–ˆâ–ˆ| 12000/12000 [00:00<?, ?it/s]
[34m[1mtrain: [0mScanning '/lfs/usrhome/btech/ed16b016/scratch/project/VinBig_yolov4_cfg/train_.cache' for images and labels... 12000 found, 0 missing, 8486 empty, 0 corrupted: 100%|â–ˆâ–ˆâ–ˆâ–ˆâ–ˆâ–ˆâ–ˆâ–ˆâ–ˆâ–ˆ| 12000/12000 [00:00<?, ?it/s]

[34m[1mval: [0mScanning '/lfs/usrhome/btech/ed16b016/scratch/project/VinBig_yolov4_cfg/val_.cache' for images and labels... 3000 found, 0 missing, 2120 empty, 0 corrupted: 100%|â–ˆâ–ˆâ–ˆâ–ˆâ–ˆâ–ˆâ–ˆâ–ˆâ–ˆâ–ˆ| 3000/3000 [00:00<?, ?it/s]
[34m[1mval: [0mScanning '/lfs/usrhome/btech/ed16b016/scratch/project/VinBig_yolov4_cfg/val_.cache' for images and labels... 3000 found, 0 missing, 2120 empty, 0 corrupted: 100%|â–ˆâ–ˆâ–ˆâ–ˆâ–ˆâ–ˆâ–ˆâ–ˆâ–ˆâ–ˆ| 3000/3000 [00:00<?, ?it/s]
Image sizes 1024 train, 1024 test
Using 8 dataloader workers
Logging results to runs/train/exp4
Starting training for 50 epochs...

     Epoch   gpu_mem       box       obj       cls     total    labels  img_size

  0%|          | 0/750 [00:00<?, ?it/s]
      0/49        0G    0.1146   0.06812   0.07146    0.2541        62      1024:   0%|          | 0/750 [06:37<?, ?it/s]
      0/49        0G    0.1146   0.06812   0.07146    0.2541        62      1024:   0%|          | 1/750 [06:37<82:46:19, 397.84s/it]
      0/49        0G    0.1117   0.05953   0.07133    0.2425        62      1024:   0%|          | 1/750 [13:12<82:46:19, 397.84s/it]
      0/49        0G    0.1117   0.05953   0.07133    0.2425        62      1024:   0%|          | 2/750 [13:12<82:12:56, 395.69s/it]
      0/49        0G     0.109   0.05129   0.06978      0.23        42      1024:   0%|          | 2/750 [19:44<82:12:56, 395.69s/it]
      0/49        0G     0.109   0.05129   0.06978      0.23        42      1024:   0%|          | 3/750 [19:44<81:48:41, 394.27s/it]
      0/49        0G    0.1066   0.04656   0.06877    0.2219        51      1024:   0%|          | 3/750 [26:15<81:48:41, 394.27s/it]
      0/49        0G    0.1066   0.04656   0.06877    0.2219        51      1024:   1%|          | 4/750 [26:15<81:24:57, 392.89s/it]
      0/49        0G     0.105   0.04224   0.06802    0.2152        39      1024:   1%|          | 4/750 [32:52<81:24:57, 392.89s/it]
      0/49        0G     0.105   0.04224   0.06802    0.2152        39      1024:   1%|          | 5/750 [32:52<81:38:01, 394.47s/it]
      0/49        0G    0.1034   0.04027   0.06815    0.2118        59      1024:   1%|          | 5/750 [39:28<81:38:01, 394.47s/it]
      0/49        0G    0.1034   0.04027   0.06815    0.2118        59      1024:   1%|          | 6/750 [39:28<81:35:55, 394.83s/it]
      0/49        0G    0.1015    0.0387    0.0669    0.2071        56      1024:   1%|          | 6/750 [46:03<81:35:55, 394.83s/it]
      0/49        0G    0.1015    0.0387    0.0669    0.2071        56      1024:   1%|          | 7/750 [46:03<81:30:55, 394.96s/it]
      0/49        0G    0.1004   0.03836   0.06664    0.2054        84      1024:   1%|          | 7/750 [52:38<81:30:55, 394.96s/it]
      0/49        0G    0.1004   0.03836   0.06664    0.2054        84      1024:   1%|          | 8/750 [52:38<81:26:41, 395.15s/it]
      0/49        0G   0.09895    0.0374   0.06625    0.2026        54      1024:   1%|          | 8/750 [59:16<81:26:41, 395.15s/it]
      0/49        0G   0.09895    0.0374   0.06625    0.2026        54      1024:   1%|          | 9/750 [59:16<81:30:45, 396.01s/it]
      0/49        0G   0.09815   0.03697   0.06572    0.2008        81      1024:   1%|          | 9/750 [1:05:52<81:30:45, 396.01s/it]
      0/49        0G   0.09815   0.03697   0.06572    0.2008        81      1024:   1%|â–         | 10/750 [1:05:52<81:21:25, 395.79s/it]
      0/49        0G   0.09749    0.0355   0.06573    0.1987        46      1024:   1%|â–         | 10/750 [1:12:27<81:21:25, 395.79s/it]
      0/49        0G   0.09749    0.0355   0.06573    0.1987        46      1024:   1%|â–         | 11/750 [1:12:27<81:11:30, 395.52s/it]
      0/49        0G   0.09696   0.03476   0.06521    0.1969        52      1024:   1%|â–         | 11/750 [1:19:02<81:11:30, 395.52s/it]
      0/49        0G   0.09696   0.03476   0.06521    0.1969        52      1024:   2%|â–         | 12/750 [1:19:02<81:05:14, 395.55s/it]
      0/49        0G   0.09679   0.03389   0.06485    0.1955        58      1024:   2%|â–         | 12/750 [1:25:37<81:05:14, 395.55s/it]
      0/49        0G   0.09679   0.03389   0.06485    0.1955        58      1024:   2%|â–         | 13/750 [1:25:37<80:56:41, 395.39s/it]
      0/49        0G   0.09671   0.03444   0.06433    0.1955        97      1024:   2%|â–         | 13/750 [1:32:11<80:56:41, 395.39s/it]
      0/49        0G   0.09671   0.03444   0.06433    0.1955        97      1024:   2%|â–         | 14/750 [1:32:11<80:42:47, 394.79s/it]
      0/49        0G   0.09597    0.0347   0.06381    0.1945        69      1024:   2%|â–         | 14/750 [1:38:45<80:42:47, 394.79s/it]
      0/49        0G   0.09597    0.0347   0.06381    0.1945        69      1024:   2%|â–         | 15/750 [1:38:45<80:35:54, 394.77s/it]
      0/49        0G   0.09533   0.03387   0.06301    0.1922        45      1024:   2%|â–         | 15/750 [1:45:21<80:35:54, 394.77s/it]
      0/49        0G   0.09533   0.03387   0.06301    0.1922        45      1024:   2%|â–         | 16/750 [1:45:21<80:31:36, 394.95s/it]
      0/49        0G   0.09482   0.03294    0.0628    0.1906        36      1024:   2%|â–         | 16/750 [1:51:57<80:31:36, 394.95s/it]
      0/49        0G   0.09482   0.03294    0.0628    0.1906        36      1024:   2%|â–         | 17/750 [1:51:57<80:28:39, 395.25s/it]
      0/49        0G   0.09413   0.03292   0.06212    0.1892        64      1024:   2%|â–         | 17/750 [1:58:33<80:28:39, 395.25s/it]
      0/49        0G   0.09413   0.03292   0.06212    0.1892        64      1024:   2%|â–         | 18/750 [1:58:33<80:25:27, 395.53s/it]
      0/49        0G    0.0943   0.03213   0.06247    0.1889        35      1024:   2%|â–         | 18/750 [2:05:08<80:25:27, 395.53s/it]
      0/49        0G    0.0943   0.03213   0.06247    0.1889        35      1024:   3%|â–Ž         | 19/750 [2:05:08<80:18:23, 395.49s/it]
      0/49        0G   0.09448     0.031    0.0625     0.188        24      1024:   3%|â–Ž         | 19/750 [2:11:42<80:18:23, 395.49s/it]
      0/49        0G   0.09448     0.031    0.0625     0.188        24      1024:   3%|â–Ž         | 20/750 [2:11:42<80:04:18, 394.87s/it]
      0/49        0G   0.09385   0.03128   0.06223    0.1874        67      1024:   3%|â–Ž         | 20/750 [2:18:19<80:04:18, 394.87s/it]
      0/49        0G   0.09385   0.03128   0.06223    0.1874        67      1024:   3%|â–Ž         | 21/750 [2:18:19<80:05:25, 395.51s/it]
      0/49        0G    0.0931   0.03115   0.06195    0.1862        51      1024:   3%|â–Ž         | 21/750 [2:24:51<80:05:25, 395.51s/it]
      0/49        0G    0.0931   0.03115   0.06195    0.1862        51      1024:   3%|â–Ž         | 22/750 [2:24:51<79:48:52, 394.69s/it]
      0/49        0G   0.09265    0.0311   0.06189    0.1856        69      1024:   3%|â–Ž         | 22/750 [2:31:26<79:48:52, 394.69s/it]
      0/49        0G   0.09265    0.0311   0.06189    0.1856        69      1024:   3%|â–Ž         | 23/750 [2:31:26<79:41:15, 394.60s/it]
      0/49        0G   0.09245   0.03061   0.06145    0.1845        34      1024:   3%|â–Ž         | 23/750 [2:38:00<79:41:15, 394.60s/it]
      0/49        0G   0.09245   0.03061   0.06145    0.1845        34      1024:   3%|â–Ž         | 24/750 [2:38:00<79:33:22, 394.49s/it]
      0/49        0G   0.09147    0.0302   0.06072    0.1824        33      1024:   3%|â–Ž         | 24/750 [2:44:34<79:33:22, 394.49s/it]
      0/49        0G   0.09147    0.0302   0.06072    0.1824        33      1024:   3%|â–Ž         | 25/750 [2:44:34<79:24:26, 394.30s/it]
      0/49        0G   0.09113    0.0307   0.06077    0.1826        81      1024:   3%|â–Ž         | 25/750 [2:51:07<79:24:26, 394.30s/it]
      0/49        0G   0.09113    0.0307   0.06077    0.1826        81      1024:   3%|â–Ž         | 26/750 [2:51:07<79:13:59, 393.98s/it]
      0/49        0G   0.09087   0.03032    0.0605    0.1817        53      1024:   3%|â–Ž         | 26/750 [2:57:42<79:13:59, 393.98s/it]
      0/49        0G   0.09087   0.03032    0.0605    0.1817        53      1024:   4%|â–Ž         | 27/750 [2:57:42<79:09:00, 394.11s/it]
      0/49        0G   0.09037   0.03037   0.06042    0.1812        46      1024:   4%|â–Ž         | 27/750 [3:04:13<79:09:00, 394.11s/it]
      0/49        0G   0.09037   0.03037   0.06042    0.1812        46      1024:   4%|â–Ž         | 28/750 [3:04:13<78:54:28, 393.45s/it]
      0/49        0G   0.09048   0.03064   0.06037    0.1815        92      1024:   4%|â–Ž         | 28/750 [3:10:45<78:54:28, 393.45s/it]
      0/49        0G   0.09048   0.03064   0.06037    0.1815        92      1024:   4%|â–         | 29/750 [3:10:45<78:40:19, 392.81s/it]
      0/49        0G   0.09066   0.03057   0.06025    0.1815        77      1024:   4%|â–         | 29/750 [3:17:20<78:40:19, 392.81s/it]
      0/49        0G   0.09066   0.03057   0.06025    0.1815        77      1024:   4%|â–         | 30/750 [3:17:20<78:42:20, 393.53s/it]
      0/49        0G   0.09014   0.03063   0.05998    0.1807        63      1024:   4%|â–         | 30/750 [3:23:57<78:42:20, 393.53s/it]
      0/49        0G   0.09014   0.03063   0.05998    0.1807        63      1024:   4%|â–         | 31/750 [3:23:57<78:46:44, 394.44s/it]
      0/49        0G   0.08989   0.03033   0.05944    0.1797        44      1024:   4%|â–         | 31/750 [3:30:32<78:46:44, 394.44s/it]
      0/49        0G   0.08989   0.03033   0.05944    0.1797        44      1024:   4%|â–         | 32/750 [3:30:32<78:43:44, 394.74s/it]
      0/49        0G    0.0897   0.02976   0.05961    0.1791        31      1024:   4%|â–         | 32/750 [3:37:05<78:43:44, 394.74s/it]
      0/49        0G    0.0897   0.02976   0.05961    0.1791        31      1024:   4%|â–         | 33/750 [3:37:05<78:31:16, 394.25s/it]
      0/49        0G    0.0895   0.02958   0.05911    0.1782        49      1024:   4%|â–         | 33/750 [3:43:38<78:31:16, 394.25s/it]
      0/49        0G    0.0895   0.02958   0.05911    0.1782        49      1024:   5%|â–         | 34/750 [3:43:38<78:20:26, 393.89s/it]
      0/49        0G   0.08893   0.02931   0.05892    0.1772        47      1024:   5%|â–         | 34/750 [3:50:12<78:20:26, 393.89s/it]
      0/49        0G   0.08893   0.02931   0.05892    0.1772        47      1024:   5%|â–         | 35/750 [3:50:12<78:14:24, 393.94s/it]
      0/49        0G   0.08887   0.02947   0.05878    0.1771        69      1024:   5%|â–         | 35/750 [3:56:46<78:14:24, 393.94s/it]
      0/49        0G   0.08887   0.02947   0.05878    0.1771        69      1024:   5%|â–         | 36/750 [3:56:46<78:07:00, 393.87s/it]
      0/49        0G   0.08868   0.02927   0.05845    0.1764        47      1024:   5%|â–         | 36/750 [4:03:19<78:07:00, 393.87s/it]
      0/49        0G   0.08868   0.02927   0.05845    0.1764        47      1024:   5%|â–         | 37/750 [4:03:19<77:56:27, 393.53s/it]
      0/49        0G   0.08862   0.02916    0.0583    0.1761        42      1024:   5%|â–         | 37/750 [4:09:55<77:56:27, 393.53s/it]
      0/49        0G   0.08862   0.02916    0.0583    0.1761        42      1024:   5%|â–Œ         | 38/750 [4:09:55<77:59:41, 394.36s/it]
      0/49        0G   0.08832   0.02919   0.05804    0.1756        71      1024:   5%|â–Œ         | 38/750 [4:16:30<77:59:41, 394.36s/it]
      0/49        0G   0.08832   0.02919   0.05804    0.1756        71      1024:   5%|â–Œ         | 39/750 [4:16:30<77:55:30, 394.56s/it]
      0/49        0G   0.08821   0.02913    0.0577     0.175        55      1024:   5%|â–Œ         | 39/750 [4:23:04<77:55:30, 394.56s/it]
      0/49        0G   0.08821   0.02913    0.0577     0.175        55      1024:   5%|â–Œ         | 40/750 [4:23:04<77:47:16, 394.42s/it]
      0/49        0G   0.08797    0.0291   0.05761    0.1747        54      1024:   5%|â–Œ         | 40/750 [4:29:39<77:47:16, 394.42s/it]
      0/49        0G   0.08797    0.0291   0.05761    0.1747        54      1024:   5%|â–Œ         | 41/750 [4:29:39<77:41:22, 394.47s/it]
      0/49        0G   0.08799   0.02896    0.0574    0.1744        54      1024:   5%|â–Œ         | 41/750 [4:36:14<77:41:22, 394.47s/it]
      0/49        0G   0.08799   0.02896    0.0574    0.1744        54      1024:   6%|â–Œ         | 42/750 [4:36:14<77:39:29, 394.87s/it]
      0/49        0G   0.08797   0.02899   0.05714    0.1741        64      1024:   6%|â–Œ         | 42/750 [4:42:49<77:39:29, 394.87s/it]
      0/49        0G   0.08797   0.02899   0.05714    0.1741        64      1024:   6%|â–Œ         | 43/750 [4:42:49<77:32:33, 394.84s/it]
      0/49        0G   0.08779   0.02889   0.05679    0.1735        53      1024:   6%|â–Œ         | 43/750 [4:49:24<77:32:33, 394.84s/it]
      0/49        0G   0.08779   0.02889   0.05679    0.1735        53      1024:   6%|â–Œ         | 44/750 [4:49:24<77:26:41, 394.90s/it]
      0/49        0G   0.08745   0.02889   0.05646    0.1728        50      1024:   6%|â–Œ         | 44/750 [4:55:59<77:26:41, 394.90s/it]
      0/49        0G   0.08745   0.02889   0.05646    0.1728        50      1024:   6%|â–Œ         | 45/750 [4:55:59<77:20:29, 394.94s/it]=>> PBS: job killed: walltime 18013 exceeded limit 18000
