no change     /lfs/sware/anaconda3_2020/condabin/conda
no change     /lfs/sware/anaconda3_2020/bin/conda
no change     /lfs/sware/anaconda3_2020/bin/conda-env
no change     /lfs/sware/anaconda3_2020/bin/activate
no change     /lfs/sware/anaconda3_2020/bin/deactivate
no change     /lfs/sware/anaconda3_2020/etc/profile.d/conda.sh
no change     /lfs/sware/anaconda3_2020/etc/fish/conf.d/conda.fish
no change     /lfs/sware/anaconda3_2020/shell/condabin/Conda.psm1
no change     /lfs/sware/anaconda3_2020/shell/condabin/conda-hook.ps1
no change     /lfs/sware/anaconda3_2020/lib/python3.8/site-packages/xontrib/conda.xsh
no change     /lfs/sware/anaconda3_2020/etc/profile.d/conda.csh
no change     /lfs/usrhome/btech/ed16b016/.bashrc
No action taken.
Plotting labels... 

[34m[1mautoanchor: [0mAnalyzing anchors... anchors/target = 5.08, Best Possible Recall (BPR) = 0.9993
                 all         570        2612    0.000387      0.0462    0.000508    6.97e-05
                 all         570        2612       0.513        0.02     0.00367    0.000786
                 all         570        2612       0.419      0.0881       0.011     0.00207
                 all         570        2612        0.36       0.125      0.0206     0.00369
                 all         570        2612       0.398        0.16      0.0552      0.0127
                 all         570        2612       0.241       0.105      0.0227     0.00571
                 all         570        2612       0.236      0.0882      0.0126     0.00237
                 all         570        2612       0.338      0.0655      0.0132     0.00319
                 all         570        2612       0.108      0.0382    0.000646    0.000153
                 all         570        2612       0.235      0.0404      0.0102      0.0024
                 all         570        2612       0.209       0.089     0.00339    0.000797
                 all         570        2612      0.0347       0.146      0.0144     0.00395
                 all         570        2612       0.225      0.0109     0.00175    0.000454
                 all         570        2612       0.508     0.00201    0.000504    0.000117
                 all         570        2612       0.211     0.00306    5.68e-05    1.14e-05
                 all         570        2612      0.0236       0.133      0.0119     0.00254
                 all         570        2612       0.139       0.122      0.0208     0.00521
                 all         570           0           0           0           0           0
                 all         570           0           0           0           0           0
                 all         570           0           0           0           0           0
                 all         570        2612       0.401      0.0109    0.000122    2.51e-05
                 all         570        2612    8.53e-05      0.0159    9.01e-06    1.44e-06
                 all         570        2612       0.104      0.0347    0.000551    0.000105
                 all         570        2612       0.309      0.0358     0.00475     0.00127
                 all         570        2612       0.113      0.0717     0.00544     0.00139
                 all         570        2612       0.348       0.116      0.0109     0.00239
                 all         570        2612       0.304       0.113     0.00142    0.000268
                 all         570        2612       0.127       0.112     0.00887     0.00186
                 all         570        2612       0.398       0.123       0.045      0.0105
                 all         570        2612       0.121       0.179      0.0081     0.00203
                 all         570        2612        0.38      0.0901      0.0231      0.0054
                 all         570        2612       0.334       0.127      0.0584      0.0147
                 all         570        2612       0.394      0.0972       0.041      0.0109
                 all         570        2612      0.0307      0.0531     0.00297       0.001
                 all         570        2612       0.309       0.068      0.0279     0.00658
                 all         570        2612       0.225       0.114      0.0417        0.01
                 all         570        2612        0.83      0.0198      0.0106     0.00246
                 all         570        2612       0.363       0.144      0.0801      0.0215
                 all         570        2612       0.273       0.183      0.0439      0.0101
                 all         570        2612      0.0576       0.133      0.0267     0.00685
                 all         570        2612       0.162       0.137      0.0398      0.0103
                 all         570        2612       0.169       0.158      0.0449      0.0118
                 all         570        2612       0.345       0.151      0.0659      0.0167
                 all         570        2612       0.808     0.00805     0.00218    0.000442
                 all         570        2612     0.00598      0.0206    0.000391    9.54e-05
                 all         570        2612      0.0428        0.18      0.0309     0.00742
                 all         570        2612       0.308      0.0496      0.0252     0.00596
                 all         570        2612       0.319       0.141      0.0661      0.0177
                 all         570        2612      0.0508      0.0636      0.0133      0.0034
                 all         570        2612       0.315       0.188      0.0785      0.0218
                 all         570        2612       0.136       0.187      0.0544      0.0151
                 all         570        2612       0.322       0.142      0.0581      0.0163
                 all         570        2612       0.292       0.196      0.0678      0.0178
                 all         570        2612      0.0662       0.152      0.0354     0.00991
                 all         570        2612       0.358       0.136      0.0534      0.0137
                 all         570        2612       0.435      0.0897      0.0185     0.00533
                 all         570        2612       0.184       0.151      0.0509      0.0129
                 all         570        2612       0.111       0.233      0.0719      0.0191
                 all         570        2612       0.347      0.0357      0.0162     0.00458
                 all         570        2612       0.245       0.186      0.0669      0.0187
                 all         570        2612       0.256       0.156      0.0829      0.0228
                 all         570        2612       0.454      0.0412      0.0164     0.00375
                 all         570        2612       0.259       0.131      0.0242     0.00621
                 all         570        2612       0.111       0.155      0.0557      0.0137
                 all         570        2612       0.227       0.136      0.0546      0.0157
                 all         570        2612      0.0274      0.0401     0.00626     0.00177
                 all         570        2612       0.176        0.12      0.0267     0.00618
                 all         570        2612       0.304      0.0612        0.03     0.00715
                 all         570        2612       0.218      0.0707      0.0252     0.00628
                 all         570        2612       0.168       0.213       0.115      0.0327
                 all         570        2612       0.298       0.111      0.0526      0.0148
                 all         570        2612       0.294       0.207         0.1       0.028
                 all         570        2612        0.26      0.0994      0.0304      0.0092
                 all         570        2612       0.328       0.105      0.0376     0.00908
                 all         570        2612       0.294       0.178      0.0934      0.0262
                 all         570        2612      0.0913      0.0989      0.0359      0.0101
                 all         570        2612       0.312       0.147      0.0612      0.0171
                 all         570        2612      0.0962       0.168       0.049      0.0124
                 all         570        2612        0.28      0.0993       0.032     0.00905
                 all         570        2612       0.333       0.175        0.12       0.035
                 all         570        2612       0.062       0.106       0.035      0.0107
                 all         570        2612       0.265        0.21       0.123      0.0371
                 all         570        2612       0.224      0.0244     0.00618     0.00214
                 all         570        2612       0.227       0.244       0.139      0.0441
                 all         570        2612       0.287       0.111      0.0621      0.0181
                 all         570        2612       0.179       0.239      0.0651      0.0185
                 all         570        2612       0.186       0.181      0.0762      0.0203
                 all         570        2612         0.3       0.167       0.101      0.0275
                 all         570        2612       0.176       0.111      0.0388        0.01
                 all         570        2612       0.137       0.177      0.0793      0.0223
                 all         570        2612       0.373      0.0868      0.0561       0.017
                 all         570        2612       0.221       0.218        0.13       0.037
                 all         570        2612       0.162       0.167      0.0833       0.024
                 all         570        2612       0.131         0.2      0.0792      0.0222
                 all         570        2612       0.175       0.046      0.0179      0.0047
                 all         570        2612       0.185       0.107       0.022     0.00577
                 all         570        2612       0.275       0.203       0.132      0.0411
                 all         570        2612       0.221       0.226       0.126      0.0357
                 all         570        2612       0.189       0.262      0.0836       0.024
                 all         570        2612       0.282       0.205       0.146      0.0423
                 all         570        2612       0.195       0.169      0.0552      0.0166
                 all         570        2612       0.312       0.229       0.143       0.046
                 all         570        2612       0.211       0.198       0.109      0.0314
                 all         570        2612       0.244       0.215       0.138      0.0419
                 all         570        2612       0.202       0.189       0.108      0.0304
                 all         570        2612       0.235       0.152      0.0594      0.0171
                 all         570        2612         0.3       0.198       0.117       0.036
                 all         570        2612       0.301       0.214       0.113      0.0342
                 all         570        2612       0.278       0.216       0.124      0.0374
                 all         570        2612       0.259       0.221       0.165      0.0506
                 all         570        2612       0.256       0.112       0.052      0.0143
                 all         570        2612       0.132       0.241      0.0974        0.03
                 all         570        2612       0.228        0.25       0.154      0.0459
                 all         570        2612       0.141       0.231       0.103      0.0316
                 all         570        2612       0.239       0.228       0.156      0.0516
                 all         570        2612       0.237       0.125      0.0603      0.0176
                 all         570        2612       0.275       0.162       0.064      0.0198
                 all         570        2612       0.261        0.29       0.174      0.0535
                 all         570        2612       0.269       0.213       0.115      0.0343
                 all         570        2612       0.231       0.299       0.183      0.0633
                 all         570        2612       0.209       0.253       0.144      0.0436
                 all         570        2612        0.24       0.234        0.12      0.0364
                 all         570        2612       0.245       0.243       0.141      0.0448
                 all         570        2612       0.185       0.257       0.138      0.0432
                 all         570        2612       0.237       0.291       0.183      0.0557
                 all         570        2612       0.303       0.242       0.156      0.0469
                 all         570        2612       0.263       0.109      0.0333     0.00917
                 all         570        2612       0.245       0.254       0.141      0.0425
                 all         570        2612       0.187       0.183      0.0769      0.0225
                 all         570        2612       0.254       0.193       0.116      0.0344
                 all         570        2612       0.255       0.201       0.139      0.0439
                 all         570        2612       0.261       0.254       0.166      0.0536
                 all         570        2612       0.294       0.266       0.178      0.0594
                 all         570        2612       0.263       0.289       0.201      0.0668
                 all         570        2612       0.237       0.253       0.162      0.0538
                 all         570        2612       0.308       0.261       0.204      0.0644
                 all         570        2612       0.243       0.316       0.204      0.0687
                 all         570        2612       0.168       0.184      0.0872      0.0272
                 all         570        2612       0.306       0.278       0.207      0.0698
                 all         570        2612       0.306       0.269       0.194      0.0633
                 all         570        2612       0.274       0.208       0.157      0.0505
                 all         570        2612       0.279       0.232       0.164      0.0513
                 all         570        2612       0.268       0.288       0.189      0.0595
                 all         570        2612       0.271       0.257        0.18      0.0584
                 all         570        2612       0.193       0.229       0.124      0.0406
                 all         570        2612       0.259       0.193       0.136      0.0412
                 all         570        2612       0.244        0.25       0.168      0.0489
                 all         570        2612       0.235       0.295       0.185      0.0602
                 all         570        2612       0.201       0.185       0.107       0.032
                 all         570        2612       0.262       0.259       0.172      0.0586
                 all         570        2612       0.261       0.306       0.202      0.0652
                 all         570        2612       0.271       0.313       0.228      0.0729
                 all         570        2612       0.258         0.3       0.193      0.0632
                 all         570        2612       0.321       0.259        0.21       0.072
                 all         570        2612        0.33       0.243       0.202       0.064
                 all         570        2612       0.276       0.279       0.191       0.064
                 all         570        2612       0.245       0.315       0.183       0.063
                 all         570        2612       0.282       0.286       0.214      0.0735
                 all         570        2612       0.221       0.259        0.17      0.0549
                 all         570        2612       0.187       0.181      0.0938      0.0283
                 all         570        2612        0.33        0.26       0.208      0.0674
                 all         570        2612       0.413       0.151       0.111       0.037
                 all         570        2612       0.313       0.276        0.23      0.0786
                 all         570        2612       0.279       0.306       0.215      0.0719
                 all         570        2612       0.233         0.2       0.118      0.0382
                 all         570        2612       0.323       0.289       0.221      0.0726
                 all         570        2612        0.36       0.241       0.205      0.0713
                 all         570        2612       0.293       0.316        0.23      0.0779
                 all         570        2612       0.277       0.296       0.208       0.073
                 all         570        2612       0.281       0.273       0.193      0.0631
                 all         570        2612       0.274       0.306       0.207      0.0714
                 all         570        2612       0.321       0.301       0.233      0.0826
                 all         570        2612       0.222       0.266       0.162      0.0544
                 all         570        2612       0.289       0.298       0.206      0.0719
                 all         570        2612       0.264       0.321        0.22      0.0758
                 all         570        2612       0.317       0.321       0.227      0.0807
                 all         570        2612       0.428       0.257       0.242      0.0846
                 all         570        2612       0.309       0.266       0.212      0.0726
                 all         570        2612       0.368       0.278       0.238       0.084
                 all         570        2612       0.319       0.264       0.211      0.0696
                 all         570        2612       0.324        0.26       0.211      0.0714
                 all         570        2612       0.312       0.313        0.24      0.0825
                 all         570        2612       0.356       0.288       0.244      0.0825
                 all         570        2612       0.334       0.274       0.218      0.0746
                 all         570        2612       0.325       0.275       0.227      0.0765
                 all         570        2612       0.318       0.294       0.235      0.0795
                 all         570        2612       0.287       0.298       0.222      0.0772
                 all         570        2612       0.311       0.292       0.226      0.0786
                 all         570        2612       0.293       0.298       0.227      0.0793
                 all         570        2612       0.322       0.287       0.227      0.0779
                 all         570        2612       0.313        0.29       0.222      0.0767
                 all         570        2612       0.318       0.267       0.209       0.071
                 all         570        2612       0.336       0.322       0.256      0.0906
                 all         570        2612       0.313       0.293       0.231      0.0799
                 all         570        2612       0.306       0.309       0.236      0.0842
                 all         570        2612       0.362       0.292       0.251       0.088
                 all         570        2612       0.304       0.321       0.249      0.0875
                 all         570        2612       0.287       0.297       0.212      0.0739
                 all         570        2612       0.299       0.312       0.226      0.0793
                 all         570        2612       0.346       0.295       0.237      0.0839
         Atelectasis         570          79       0.315       0.101       0.106      0.0397
       Calcification         570         193       0.232        0.28       0.137      0.0455
       Consolidation         570         104        0.59       0.288       0.326       0.118
                 ILD         570         192        0.18       0.562       0.303       0.126
        Infiltration         570         244       0.364       0.303       0.289       0.105
        Lung Opacity         570         469       0.368       0.294        0.26      0.0819
         Nodule/Mass         570         398       0.398       0.304       0.266       0.122
        Other lesion         570         431       0.316      0.0719      0.0724      0.0186
    Pleural effusion         570         447       0.263       0.508       0.382       0.116
        Pneumothorax         570          55       0.428       0.236       0.231      0.0655
Optimizer stripped from /lfs/usrhome/btech/ed16b016/scratch/project/yolo/yolov5/runs/train/exp44/weights/last.pt, 175.2MB
Optimizer stripped from /lfs/usrhome/btech/ed16b016/scratch/project/yolo/yolov5/runs/train/exp44/weights/best.pt, 175.2MB
