no change     /lfs/sware/anaconda3_2020/condabin/conda
no change     /lfs/sware/anaconda3_2020/bin/conda
no change     /lfs/sware/anaconda3_2020/bin/conda-env
no change     /lfs/sware/anaconda3_2020/bin/activate
no change     /lfs/sware/anaconda3_2020/bin/deactivate
no change     /lfs/sware/anaconda3_2020/etc/profile.d/conda.sh
no change     /lfs/sware/anaconda3_2020/etc/fish/conf.d/conda.fish
no change     /lfs/sware/anaconda3_2020/shell/condabin/Conda.psm1
no change     /lfs/sware/anaconda3_2020/shell/condabin/conda-hook.ps1
no change     /lfs/sware/anaconda3_2020/lib/python3.8/site-packages/xontrib/conda.xsh
no change     /lfs/sware/anaconda3_2020/etc/profile.d/conda.csh
no change     /lfs/usrhome/btech/ed16b016/.bashrc
No action taken.
Plotting labels... 

[34m[1mautoanchor: [0mAnalyzing anchors... anchors/target = 5.07, Best Possible Recall (BPR) = 0.9994
                 all        3000        7382       0.434     0.00782     0.00142    0.000395
                 all        3000        7382      0.0715     0.00212    3.36e-06     7.2e-07
                 all        3000        7382       0.503      0.0056    0.000396    0.000109
                 all        3000        7382       0.361     0.00224     0.00117    0.000564
                 all        3000        7382       0.654      0.0192     0.00734      0.0025
                 all        3000        7382     0.00432      0.0427     0.00113    0.000371
                 all        3000        7382       0.793      0.0101     0.00362     0.00106
                 all        3000        7382       0.656     0.00948     0.00512     0.00173
                 all        3000        7382     0.00259     0.00321    8.94e-05    4.19e-05
                 all        3000        7382       0.383      0.0431      0.0138     0.00438
                 all        3000        7382       0.905      0.0254       0.016      0.0058
                 all        3000        7382       0.804      0.0186      0.0126     0.00393
                 all        3000        7382      0.0109      0.0489     0.00132    0.000632
                 all        3000        7382       0.597      0.0712      0.0268     0.00818
                 all        3000        7382       0.362     0.00561     0.00057    0.000142
                 all        3000        7382       0.296      0.0237     0.00167    0.000585
                 all        3000        7382       0.247      0.0981      0.0267     0.00797
                 all        3000        7382       0.381      0.0595      0.0112      0.0028
                 all        3000        7382       0.447      0.0383     0.00999     0.00378
                 all        3000        7382       0.367      0.0349     0.00385     0.00116
                 all        3000        7382    0.000639    0.000503     7.2e-06    2.34e-06
                 all        3000        7382       0.364       0.115      0.0292     0.00985
                 all        3000        7382       0.449      0.0254     0.00678     0.00169
                 all        3000        7382     0.00405       0.026    0.000132    4.76e-05
                 all        3000        7382       0.317      0.0631      0.0242        0.01
                 all        3000        7382      0.0873      0.0596     0.00671     0.00181
                 all        3000        7382       0.249      0.0647     0.00909     0.00351
                 all        3000        7382       0.599       0.032      0.0116     0.00433
                 all        3000        7382       0.292     0.00321    0.000427    0.000107
                 all        3000        7382       0.723      0.0533      0.0411      0.0162
                 all        3000        7382       0.246       0.131      0.0278      0.0106
                 all        3000        7382         0.6      0.0786       0.034      0.0129
                 all        3000        7382       0.313      0.0857      0.0255      0.0107
                 all        3000        7382       0.378       0.151      0.0492      0.0207
                 all        3000        7382       0.664      0.0277     0.00886     0.00368
                 all        3000        7382       0.392       0.125      0.0516      0.0205
                 all        3000        7382       0.176      0.0573      0.0136     0.00451
                 all        3000        7382       0.314       0.217      0.0772      0.0295
                 all        3000        7382       0.327       0.118      0.0282      0.0104
                 all        3000        7382       0.618      0.0548       0.028      0.0101
                 all        3000        7382       0.359        0.17      0.0661      0.0261
                 all        3000        7382       0.368        0.15      0.0522      0.0178
                 all        3000        7382       0.197       0.195      0.0794        0.03
                 all        3000        7382       0.368       0.154      0.0538      0.0205
                 all        3000        7382       0.318       0.153      0.0653       0.026
                 all        3000        7382       0.388       0.133      0.0649      0.0233
                 all        3000        7382       0.263       0.241      0.0932      0.0345
                 all        3000        7382        0.19       0.206      0.0883      0.0339
                 all        3000        7382       0.282       0.203      0.0955       0.036
                 all        3000        7382       0.318       0.187      0.0865      0.0336
                 all        3000        7382       0.241       0.111      0.0402      0.0151
                 all        3000        7382       0.275       0.144      0.0727      0.0274
                 all        3000        7382       0.351       0.195       0.106      0.0406
                 all        3000        7382       0.216        0.19      0.0788      0.0307
                 all        3000        7382       0.297       0.233      0.0973      0.0371
                 all        3000        7382       0.211       0.229       0.106      0.0404
                 all        3000        7382       0.371       0.208       0.115      0.0442
                 all        3000        7382       0.235       0.245       0.116      0.0452
                 all        3000        7382       0.377       0.215       0.119      0.0461
                 all        3000        7382       0.259        0.23       0.113      0.0432
                 all        3000        7382       0.225        0.24       0.112      0.0429
                 all        3000        7382       0.246       0.248       0.113       0.043
                 all        3000        7382       0.385       0.204       0.117      0.0445
                 all        3000        7382       0.318       0.216        0.12      0.0457
                 all        3000        7382       0.299       0.246       0.127      0.0482
                 all        3000        7382        0.38       0.223       0.128       0.049
                 all        3000        7382       0.265       0.248       0.129      0.0496
                 all        3000        7382       0.274       0.242        0.13      0.0504
                 all        3000        7382       0.262       0.274       0.134      0.0516
                 all        3000        7382       0.322       0.215       0.134      0.0517
                 all        3000        7382       0.311       0.225       0.134      0.0522
                 all        3000        7382       0.335       0.217       0.137      0.0531
                 all        3000        7382       0.383       0.225       0.132      0.0511
                 all        3000        7382       0.381        0.23       0.134      0.0515
                 all        3000        7382       0.382       0.235       0.134       0.051
                 all        3000        7382       0.262       0.274       0.134       0.051
                 all        3000        7382       0.279       0.232       0.131      0.0504
                 all        3000        7382       0.271       0.243       0.133      0.0511
                 all        3000        7382       0.278       0.231       0.132      0.0511
                 all        3000        7382       0.289       0.225       0.134      0.0515
                 all        3000        7382       0.274       0.236       0.135      0.0521
                 all        3000        7382       0.249       0.264       0.135      0.0525
                 all        3000        7382       0.274       0.231       0.135      0.0522
                 all        3000        7382       0.246       0.254       0.135      0.0524
                 all        3000        7382       0.372       0.211       0.137      0.0527
                 all        3000        7382       0.365       0.219       0.138       0.053
                 all        3000        7382       0.381       0.204       0.138      0.0531
                 all        3000        7382       0.402       0.209        0.14      0.0533
                 all        3000        7382        0.42       0.208       0.139      0.0533
                 all        3000        7382       0.415       0.205       0.138      0.0527
                 all        3000        7382       0.406       0.206       0.137      0.0529
                 all        3000        7382       0.411       0.205       0.138      0.0529
                 all        3000        7382       0.263       0.243       0.139       0.053
                 all        3000        7382       0.254       0.247       0.138       0.053
                 all        3000        7382       0.255       0.247       0.136      0.0523
                 all        3000        7382       0.257       0.245       0.136      0.0525
                 all        3000        7382        0.26       0.247       0.137      0.0527
                 all        3000        7382       0.255       0.253       0.136      0.0519
                 all        3000        7382       0.271       0.236       0.136       0.052
                 all        3000        7382        0.36       0.212       0.136       0.052
                 all        3000        7382       0.256       0.252       0.136       0.052
                 all        3000        7382       0.257       0.252       0.137      0.0521
                 all        3000        7382       0.258       0.252       0.137      0.0524
                 all        3000        7382       0.258        0.25       0.137      0.0523
                 all        3000        7382       0.256       0.253       0.136      0.0521
                 all        3000        7382       0.257       0.258       0.136       0.052
                 all        3000        7382       0.261       0.246       0.137      0.0524
                 all        3000        7382        0.26       0.246       0.137      0.0521
                 all        3000        7382       0.257        0.25       0.137      0.0525
                 all        3000        7382       0.259        0.25       0.138      0.0526
                 all        3000        7382       0.273       0.246       0.137      0.0528
                 all        3000        7382       0.276       0.249       0.138      0.0533
                 all        3000        7382       0.267       0.258       0.138      0.0533
                 all        3000        7382       0.268       0.253       0.138      0.0534
                 all        3000        7382       0.271        0.25       0.137      0.0534
                 all        3000        7382       0.269       0.248       0.138      0.0538
                 all        3000        7382        0.27       0.247       0.138      0.0536
                 all        3000        7382       0.272       0.248       0.138      0.0539
                 all        3000        7382       0.276       0.245       0.139      0.0541
                 all        3000        7382        0.27       0.244       0.138      0.0536
                 all        3000        7382       0.274       0.245       0.139      0.0541
                 all        3000        7382       0.278       0.243       0.139       0.054
                 all        3000        7382       0.269       0.245       0.138      0.0537
                 all        3000        7382       0.274       0.245       0.139      0.0543
                 all        3000        7382       0.278        0.24       0.138      0.0538
                 all        3000        7382       0.275       0.237       0.137      0.0535
                 all        3000        7382       0.262       0.246       0.136      0.0534
                 all        3000        7382       0.263       0.244       0.136      0.0534
                 all        3000        7382       0.273       0.243       0.136      0.0532
                 all        3000        7382       0.274       0.244       0.137      0.0537
                 all        3000        7382        0.27       0.244       0.136      0.0533
                 all        3000        7382       0.274        0.24       0.135      0.0532
                 all        3000        7382       0.264       0.243       0.134      0.0531
                 all        3000        7382       0.265       0.239       0.132      0.0525
                 all        3000        7382       0.279       0.222       0.134      0.0534
                 all        3000        7382        0.28       0.221       0.134      0.0534
                 all        3000        7382       0.281       0.222       0.133      0.0528
                 all        3000        7382       0.251       0.246       0.132      0.0525
                 all        3000        7382       0.272       0.228       0.131      0.0521
                 all        3000        7382       0.254       0.237        0.13      0.0517
                 all        3000        7382       0.255       0.236        0.13      0.0519
                 all        3000        7382       0.239        0.25       0.129      0.0516
                 all        3000        7382       0.242       0.246       0.128      0.0514
                 all        3000        7382       0.242       0.242       0.128      0.0512
                 all        3000        7382       0.242        0.24       0.127      0.0511
                 all        3000        7382       0.244       0.239       0.127      0.0512
                 all        3000        7382       0.234       0.246       0.127      0.0509
                 all        3000        7382       0.232        0.24       0.126      0.0507
                 all        3000        7382       0.251       0.228       0.126      0.0505
                 all        3000        7382       0.253       0.229       0.126      0.0505
                 all        3000        7382       0.228       0.246       0.126      0.0505
                 all        3000        7382       0.233       0.238       0.126      0.0507
                 all        3000        7382       0.251       0.225       0.125      0.0503
                 all        3000        7382       0.255       0.223       0.125      0.0502
                 all        3000        7382       0.256        0.22       0.125      0.0501
                 all        3000        7382       0.225        0.25       0.125      0.0503
                 all        3000        7382       0.259       0.219       0.124      0.0498
                 all        3000        7382       0.245       0.224       0.124      0.0496
                 all        3000        7382       0.246       0.225       0.124      0.0498
                 all        3000        7382       0.247       0.224       0.124      0.0498
                 all        3000        7382       0.247       0.223       0.124      0.0497
                 all        3000        7382       0.273       0.207       0.123      0.0496
                 all        3000        7382       0.265       0.212       0.123      0.0493
                 all        3000        7382       0.225       0.236       0.122      0.0492
                 all        3000        7382       0.226       0.236       0.122      0.0491
                 all        3000        7382       0.226       0.235       0.122      0.0491
                 all        3000        7382       0.222       0.246       0.123      0.0492
                 all        3000        7382       0.222       0.247       0.123      0.0494
                 all        3000        7382       0.225       0.245       0.123      0.0493
                 all        3000        7382       0.272       0.205       0.124      0.0493
                 all        3000        7382        0.24       0.221       0.124      0.0492
                 all        3000        7382       0.271       0.203       0.124      0.0494
                 all        3000        7382       0.257        0.21       0.124      0.0493
                 all        3000        7382       0.275       0.201       0.124      0.0494
                 all        3000        7382       0.228       0.239       0.124      0.0495
                 all        3000        7382       0.248       0.216       0.124      0.0496
                 all        3000        7382       0.249       0.216       0.125      0.0497
                 all        3000        7382       0.239       0.227       0.125      0.0496
                 all        3000        7382       0.249       0.215       0.125      0.0494
                 all        3000        7382       0.239       0.224       0.124      0.0492
                 all        3000        7382       0.241       0.226       0.125      0.0494
                 all        3000        7382       0.241        0.22       0.124      0.0488
                 all        3000        7382       0.242       0.218       0.123      0.0486
                 all        3000        7382       0.243       0.218       0.123      0.0487
                 all        3000        7382       0.235       0.229       0.123      0.0487
                 all        3000        7382       0.268       0.201       0.124      0.0489
                 all        3000        7382       0.244       0.216       0.123      0.0488
                 all        3000        7382       0.248       0.214       0.123      0.0485
                 all        3000        7382       0.258         0.2       0.121       0.048
                 all        3000        7382       0.246       0.208       0.121      0.0481
                 all        3000        7382       0.241       0.216       0.121      0.0481
                 all        3000        7382        0.26       0.198       0.122      0.0479
                 all        3000        7382        0.25       0.205       0.121      0.0478
                 all        3000        7382       0.263       0.196       0.121       0.048
                 all        3000        7382       0.243       0.215       0.123      0.0486
                 all        3000        7382       0.265       0.194       0.122      0.0481
                 all        3000        7382       0.266       0.194       0.122      0.0483
                 all        3000        7382       0.266       0.196       0.124      0.0489
                 all        3000        7382        0.26         0.2       0.122      0.0483
                 all        3000        7382       0.271       0.195       0.123      0.0487
  Aortic enlargement        3000        1447       0.211         0.8       0.439       0.229
         Atelectasis        3000          71       0.327      0.0423      0.0836      0.0202
       Calcification        3000         224       0.286       0.058      0.0457      0.0148
        Cardiomegaly        3000        1079       0.203       0.461       0.291       0.157
       Consolidation        3000         112       0.158      0.0893      0.0614      0.0225
                 ILD        3000         242       0.267       0.182       0.121      0.0333
        Infiltration        3000         241       0.184       0.137      0.0856      0.0249
        Lung Opacity        3000         504       0.161       0.137      0.0644       0.017
         Nodule/Mass        3000         549       0.224       0.182       0.111      0.0412
        Other lesion        3000         450      0.0567      0.0178     0.00354    0.000764
    Pleural effusion        3000         500       0.356       0.276       0.227      0.0674
  Pleural thickening        3000         986       0.193       0.142      0.0793        0.02
        Pneumothorax        3000          30           1           0           0           0
  Pulmonary fibrosis        3000         947       0.163       0.211       0.116      0.0338
Optimizer stripped from runs/train/exp18/weights/last.pt, 175.2MB
Optimizer stripped from runs/train/exp18/weights/best.pt, 175.2MB
