no change     /lfs/sware/anaconda3_2020/condabin/conda
no change     /lfs/sware/anaconda3_2020/bin/conda
no change     /lfs/sware/anaconda3_2020/bin/conda-env
no change     /lfs/sware/anaconda3_2020/bin/activate
no change     /lfs/sware/anaconda3_2020/bin/deactivate
no change     /lfs/sware/anaconda3_2020/etc/profile.d/conda.sh
no change     /lfs/sware/anaconda3_2020/etc/fish/conf.d/conda.fish
no change     /lfs/sware/anaconda3_2020/shell/condabin/Conda.psm1
no change     /lfs/sware/anaconda3_2020/shell/condabin/conda-hook.ps1
no change     /lfs/sware/anaconda3_2020/lib/python3.8/site-packages/xontrib/conda.xsh
no change     /lfs/sware/anaconda3_2020/etc/profile.d/conda.csh
no change     /lfs/usrhome/btech/ed16b016/.bashrc
No action taken.
Plotting labels... 

[34m[1mautoanchor: [0mAnalyzing anchors... anchors/target = 5.08, Best Possible Recall (BPR) = 0.9996
                 all         879           0           0           0           0           0
                 all         879        7502       0.427       0.246      0.0603       0.013
                 all         879        7502       0.603      0.0865      0.0638      0.0149
                 all         879        7502       0.518      0.0603      0.0242     0.00595
                 all         879        7502      0.0975      0.0416     0.00747     0.00176
                 all         879        7502         0.1      0.0679      0.0165     0.00532
                 all         879        7502       0.336      0.0777      0.0407      0.0118
                 all         879        7502        0.24       0.174       0.111      0.0375
                 all         879           0           0           0           0           0
                 all         879           0           0           0           0           0
                 all         879           0           0           0           0           0
                 all         879        7502      0.0282      0.0332     0.00427     0.00146
                 all         879        7502       0.189       0.134       0.034       0.013
                 all         879        7502       0.147       0.114      0.0449      0.0151
                 all         879        7502       0.197      0.0973      0.0323      0.0114
                 all         879        7502       0.176       0.152      0.0691      0.0241
                 all         879        7502       0.263      0.0456      0.0205     0.00666
                 all         879        7502       0.339       0.184       0.125      0.0472
                 all         879        7502       0.372       0.106      0.0431       0.015
                 all         879        7502       0.309       0.176        0.11      0.0407
                 all         879        7502       0.313       0.177       0.122       0.046
                 all         879        7502      0.0106      0.0517     0.00145    0.000467
                 all         879        7502       0.187      0.0136      0.0038     0.00106
                 all         879        7502       0.172       0.211        0.13      0.0498
                 all         879        7502       0.403       0.186       0.134      0.0488
                 all         879        7502       0.305       0.127      0.0524      0.0166
                 all         879        7502       0.324       0.163      0.0725       0.026
                 all         879        7502         0.3      0.0777      0.0379      0.0137
WARNING: NMS time limit 10.0s exceeded
WARNING: NMS time limit 10.0s exceeded
WARNING: NMS time limit 10.0s exceeded
WARNING: NMS time limit 10.0s exceeded
WARNING: NMS time limit 10.0s exceeded
WARNING: NMS time limit 10.0s exceeded
                 all         879        7502    4.74e-07    7.06e-05    5.64e-09    5.64e-10
                 all         879        7502       0.278       0.196       0.119      0.0437
                 all         879        7502       0.119      0.0631      0.0236     0.00858
                 all         879        7502       0.276       0.194       0.143      0.0553
                 all         879        7502      0.0801       0.141      0.0277      0.0112
                 all         879        7502       0.419       0.195       0.149      0.0552
                 all         879        7502        0.34       0.172        0.13      0.0486
                 all         879        7502        0.29       0.151       0.101      0.0368
                 all         879        7502       0.223       0.142      0.0994      0.0357
                 all         879        7502       0.199      0.0503       0.024     0.00928
                 all         879        7502        0.24       0.228       0.117      0.0425
                 all         879        7502       0.202       0.153      0.0868      0.0318
                 all         879        7502       0.176       0.263       0.167      0.0633
                 all         879        7502       0.179       0.194      0.0858      0.0312
                 all         879        7502       0.212       0.237       0.159      0.0583
                 all         879        7502       0.168      0.0758      0.0325      0.0109
                 all         879        7502       0.174       0.113      0.0727       0.026
                 all         879        7502      0.0595      0.0892      0.0369      0.0127
                 all         879        7502         0.2       0.154      0.0897      0.0328
                 all         879        7502       0.124      0.0661      0.0174     0.00567
                 all         879        7502       0.143       0.149       0.056      0.0207
                 all         879        7502       0.212       0.208       0.145      0.0537
                 all         879        7502       0.198       0.253       0.157      0.0552
                 all         879        7502         0.2        0.26        0.15      0.0542
                 all         879        7502       0.142       0.175      0.0853       0.026
                 all         879        7502       0.194       0.133      0.0753      0.0259
                 all         879        7502       0.215       0.168       0.123      0.0457
                 all         879        7502       0.189       0.177       0.108      0.0388
                 all         879        7502       0.176      0.0683      0.0137     0.00448
                 all         879        7502       0.305       0.178       0.111      0.0421
                 all         879        7502       0.226       0.165      0.0935      0.0341
                 all         879        7502       0.137       0.179      0.0832      0.0307
                 all         879        7502       0.284        0.15       0.118      0.0454
                 all         879        7502       0.322       0.157       0.121      0.0417
                 all         879        7502       0.173       0.173      0.0955      0.0329
                 all         879        7502       0.317       0.202       0.131      0.0526
                 all         879        7502      0.0608       0.151      0.0415       0.012
                 all         879        7502      0.0686      0.0694      0.0239     0.00697
                 all         879        7502       0.158       0.222       0.109      0.0404
                 all         879        7502       0.229       0.236       0.154      0.0563
                 all         879        7502       0.119        0.16      0.0607      0.0183
                 all         879        7502       0.235       0.211       0.138      0.0533
                 all         879        7502       0.329       0.195       0.154      0.0593
                 all         879        7502       0.113      0.0442     0.00927      0.0028
                 all         879        7502      0.0381      0.0319     0.00566     0.00152
                 all         879        7502       0.169       0.167      0.0937      0.0306
                 all         879        7502        0.25       0.176       0.125       0.049
                 all         879        7502       0.183       0.181       0.112      0.0424
                 all         879        7502       0.223       0.208       0.141      0.0528
                 all         879        7502       0.177       0.171      0.0998      0.0325
                 all         879        7502       0.233       0.237        0.17      0.0562
                 all         879        7502       0.122       0.098      0.0468      0.0154
                 all         879        7502       0.285       0.263       0.164      0.0622
                 all         879        7502       0.234       0.246        0.17      0.0632
                 all         879        7502       0.245       0.271        0.18      0.0623
                 all         879        7502       0.234       0.306       0.195      0.0721
                 all         879        7502       0.291       0.219       0.161      0.0642
                 all         879        7502       0.245       0.276       0.178      0.0637
                 all         879        7502       0.282       0.238       0.186      0.0682
                 all         879        7502       0.215       0.307       0.187      0.0722
                 all         879        7502       0.155       0.175      0.0825      0.0275
                 all         879        7502       0.233        0.23       0.157      0.0586
                 all         879        7502       0.132       0.191      0.0886      0.0283
                 all         879        7502       0.271       0.268       0.203      0.0726
                 all         879        7502       0.283        0.27       0.209      0.0759
                 all         879        7502       0.247        0.29       0.175      0.0674
                 all         879        7502       0.259       0.215       0.161      0.0596
                 all         879        7502       0.198       0.207       0.151      0.0623
                 all         879        7502       0.212       0.252       0.161       0.063
                 all         879        7502        0.27       0.246       0.197       0.075
                 all         879        7502       0.269       0.312       0.219      0.0818
                 all         879        7502       0.274       0.288       0.212      0.0815
                 all         879        7502       0.182       0.226       0.134      0.0527
                 all         879        7502       0.257       0.291       0.201      0.0768
                 all         879        7502       0.258       0.274       0.191      0.0712
                 all         879        7502       0.266       0.274       0.204      0.0787
                 all         879        7502       0.262       0.321       0.227      0.0869
                 all         879        7502       0.256       0.249       0.177      0.0686
                 all         879        7502       0.284       0.274       0.206       0.082
                 all         879        7502       0.292       0.289       0.225      0.0832
                 all         879        7502       0.293       0.318       0.235      0.0874
                 all         879        7502       0.281       0.293       0.221      0.0843
                 all         879        7502       0.273        0.33       0.231      0.0861
                 all         879        7502       0.278        0.32       0.225       0.085
                 all         879        7502       0.229       0.254       0.159       0.063
                 all         879        7502       0.183       0.234        0.13      0.0493
                 all         879        7502       0.289       0.263       0.195      0.0697
                 all         879        7502       0.283       0.309       0.237       0.092
                 all         879        7502       0.272        0.31       0.228      0.0877
                 all         879        7502       0.294       0.286       0.226      0.0882
                 all         879        7502       0.334       0.255       0.227      0.0874
                 all         879        7502       0.325       0.283        0.24       0.091
                 all         879        7502       0.312        0.31       0.236      0.0896
                 all         879        7502       0.323       0.298        0.24      0.0912
                 all         879        7502       0.337       0.279       0.241      0.0943
                 all         879        7502       0.328       0.284       0.235      0.0937
                 all         879        7502        0.28       0.315       0.237      0.0917
                 all         879        7502       0.287        0.34       0.243      0.0919
                 all         879        7502       0.298       0.308       0.242      0.0921
                 all         879        7502       0.298       0.339       0.255      0.0975
                 all         879        7502       0.275       0.289       0.207      0.0764
                 all         879        7502       0.292       0.281       0.219      0.0847
                 all         879        7502       0.316       0.335       0.256      0.0993
                 all         879        7502        0.33       0.317       0.259      0.0994
                 all         879        7502       0.293       0.275       0.215      0.0821
                 all         879        7502       0.322       0.312       0.257      0.0998
                 all         879        7502       0.336       0.313       0.259       0.101
                 all         879        7502       0.275       0.306       0.234      0.0901
                 all         879        7502       0.314       0.327       0.262       0.101
                 all         879        7502       0.315       0.328       0.258      0.0991
                 all         879        7502       0.316       0.299       0.254      0.0994
                 all         879        7502       0.322       0.314       0.252      0.0985
                 all         879        7502       0.309       0.323       0.255         0.1
                 all         879        7502       0.311        0.32       0.244      0.0955
                 all         879        7502       0.308       0.335       0.262       0.102
                 all         879        7502       0.334       0.313       0.257         0.1
                 all         879        7502       0.359         0.3       0.266       0.104
                 all         879        7502        0.36       0.285       0.256       0.101
                 all         879        7502       0.354       0.303       0.265       0.103
                 all         879        7502       0.338       0.317        0.27       0.104
                 all         879        7502        0.32       0.325       0.259         0.1
                 all         879        7502        0.33        0.33       0.263       0.103
                 all         879        7502       0.347       0.332       0.266       0.103
                 all         879        7502       0.326       0.325       0.264       0.104
                 all         879        7502        0.34       0.321       0.274       0.107
                 all         879        7502       0.332       0.316       0.261       0.103
                 all         879        7502        0.33        0.33       0.267       0.106
                 all         879        7502       0.372       0.308       0.272       0.107
                 all         879        7502        0.35       0.325       0.277       0.109
                 all         879        7502        0.36       0.326       0.275       0.108
                 all         879        7502       0.347       0.319       0.271       0.105
                 all         879        7502        0.33       0.347       0.278        0.11
                 all         879        7502       0.329       0.348       0.275       0.109
                 all         879        7502       0.361       0.303        0.27       0.106
                 all         879        7502       0.345       0.324       0.277       0.108
                 all         879        7502       0.355       0.318       0.277        0.11
                 all         879        7502       0.352       0.323       0.277       0.108
                 all         879        7502        0.34       0.337       0.277       0.107
                 all         879        7502       0.356       0.335        0.28       0.108
                 all         879        7502       0.353       0.324       0.277       0.109
                 all         879        7502       0.321       0.364       0.279       0.109
                 all         879        7502       0.345        0.34       0.283       0.112
                 all         879        7502        0.38       0.299       0.283       0.111
                 all         879        7502       0.366       0.319       0.285       0.112
                 all         879        7502       0.359       0.321       0.285       0.112
                 all         879        7502        0.34       0.334       0.285       0.112
                 all         879        7502       0.318        0.36       0.279        0.11
                 all         879        7502       0.352       0.335       0.284       0.112
                 all         879        7502       0.312       0.361        0.28       0.112
                 all         879        7502        0.33        0.35       0.281       0.112
                 all         879        7502       0.367       0.329       0.284       0.113
                 all         879        7502       0.347       0.341       0.285       0.113
                 all         879        7502       0.355       0.345       0.287       0.114
                 all         879        7502       0.353       0.333       0.285       0.113
                 all         879        7502       0.336       0.347       0.286       0.113
                 all         879        7502       0.361       0.341       0.288       0.114
                 all         879        7502        0.35       0.335       0.287       0.114
                 all         879        7502       0.363       0.327       0.285       0.114
                 all         879        7502       0.368       0.334       0.288       0.113
                 all         879        7502        0.36       0.339       0.288       0.113
                 all         879        7502       0.353       0.338        0.29       0.115
                 all         879        7502       0.342       0.349       0.291       0.115
                 all         879        7502       0.343       0.338       0.286       0.114
                 all         879        7502       0.355       0.343       0.289       0.113
                 all         879        7502       0.379       0.325       0.286       0.113
                 all         879        7502       0.396       0.308       0.291       0.113
                 all         879        7502       0.342       0.367       0.294       0.116
                 all         879        7502       0.325       0.371       0.289       0.114
                 all         879        7502       0.347       0.347        0.29       0.115
                 all         879        7502       0.347       0.353       0.293       0.115
                 all         879        7502       0.359       0.335       0.294       0.116
                 all         879        7502        0.36       0.337       0.293       0.115
  Aortic enlargement         879        1395       0.672       0.505       0.661       0.346
         Atelectasis         879          67       0.302       0.149       0.129      0.0402
       Calcification         879         229       0.201       0.227       0.123       0.041
        Cardiomegaly         879        1033       0.692       0.428       0.596       0.328
       Consolidation         879         108       0.363       0.324       0.255      0.0951
                 ILD         879         192       0.168         0.5       0.285      0.0906
        Infiltration         879         277        0.42       0.397       0.348       0.126
        Lung Opacity         879         504       0.308       0.329        0.25        0.08
         Nodule/Mass         879         595       0.361       0.264        0.23         0.1
        Other lesion         879         478       0.169       0.138       0.105      0.0242
    Pleural effusion         879         535       0.371       0.529       0.429       0.139
  Pleural thickening         879        1010        0.23        0.38       0.223      0.0628
        Pneumothorax         879          67       0.525       0.148       0.184      0.0477
  Pulmonary fibrosis         879        1012       0.257       0.398       0.287      0.0923
Optimizer stripped from runs/train/exp38/weights/last.pt, 175.2MB
Optimizer stripped from runs/train/exp38/weights/best.pt, 175.2MB
