no change     /lfs/sware/anaconda3_2020/condabin/conda
no change     /lfs/sware/anaconda3_2020/bin/conda
no change     /lfs/sware/anaconda3_2020/bin/conda-env
no change     /lfs/sware/anaconda3_2020/bin/activate
no change     /lfs/sware/anaconda3_2020/bin/deactivate
no change     /lfs/sware/anaconda3_2020/etc/profile.d/conda.sh
no change     /lfs/sware/anaconda3_2020/etc/fish/conf.d/conda.fish
no change     /lfs/sware/anaconda3_2020/shell/condabin/Conda.psm1
no change     /lfs/sware/anaconda3_2020/shell/condabin/conda-hook.ps1
no change     /lfs/sware/anaconda3_2020/lib/python3.8/site-packages/xontrib/conda.xsh
no change     /lfs/sware/anaconda3_2020/etc/profile.d/conda.csh
no change     /lfs/usrhome/btech/ed16b016/.bashrc
No action taken.
Plotting labels... 

[34m[1mautoanchor: [0mAnalyzing anchors... anchors/target = 4.89, Best Possible Recall (BPR) = 0.9997
                 all        3000        7382       0.152       0.136      0.0482      0.0152
                 all        3000        7382       0.146      0.0763    0.000911    0.000169
                 all        3000        7382         0.5     0.00372    1.63e-05    2.73e-06
                 all        3000        7382      0.0174      0.0297     0.00776     0.00203
                 all        3000        7382       0.193       0.024     0.00504     0.00105
                 all        3000        7382       0.189      0.0616       0.022     0.00681
                 all        3000        7382       0.572     0.00543    2.08e-05     3.3e-06
                 all        3000        7382       0.343       0.059      0.0247     0.00922
                 all        3000        7382       0.305        0.02    0.000485    0.000133
                 all        3000        7382         0.5     0.00265    0.000152     3.2e-05
                 all        3000        7382      0.0745      0.0478    0.000143    3.57e-05
                 all        3000        7382       0.235     0.00805     0.00081    0.000175
                 all        3000        7382       0.143      0.0617     0.00051    0.000216
                 all        3000        7382       0.215     0.00424    1.46e-05    3.19e-06
                 all        3000        7382       0.429    0.000861    1.75e-05     2.7e-06
                 all        3000        7382       0.334      0.0201     0.00744     0.00298
                 all        3000        7382       0.143      0.0357    2.14e-05    2.99e-06
                 all        3000        7382     0.00131     0.00203    5.67e-05     1.6e-05
                 all        3000        7382       0.128       0.106      0.0338     0.00984
                 all        3000        7382      0.0976      0.0673       0.021     0.00678
                 all        3000        7382       0.149      0.0155     0.00163    0.000276
                 all        3000        7382    3.84e-05     0.00026     3.4e-07    1.02e-07
                 all        3000           0           0           0           0           0
                 all        3000        7382      0.0866      0.0126     0.00189    0.000707
                 all        3000           0           0           0           0           0
                 all        3000        7382       0.831     0.00859     0.00394    0.000821
                 all        3000        7382       0.119      0.0882      0.0327      0.0113
                 all        3000        7382        0.19      0.0275      0.0119     0.00443
                 all        3000        7382       0.229      0.0415    0.000719    0.000394
                 all        3000        7382      0.0145      0.0288     0.00166    0.000422
                 all        3000        7382       0.287     0.00436    9.28e-05    3.32e-05
                 all        3000        7382         0.4       0.033       0.012     0.00425
                 all        3000        7382      0.0186      0.0254     0.00215    0.000752
                 all        3000        7382       0.517      0.0321     0.00535     0.00178
                 all        3000        7382       0.476      0.0464      0.0258      0.0104
                 all        3000        7382      0.0517     0.00218    0.000998    0.000386
                 all        3000        7382        0.18       0.114      0.0556      0.0199
                 all        3000        7382       0.213       0.129      0.0625      0.0221
                 all        3000        7382       0.116       0.108      0.0235     0.00802
                 all        3000        7382       0.331       0.211      0.0974      0.0351
                 all        3000        7382       0.234      0.0741     0.00502     0.00154
                 all        3000        7382       0.225       0.186      0.0972       0.035
                 all        3000        7382       0.278       0.125      0.0468      0.0168
                 all        3000        7382       0.101       0.166      0.0757      0.0292
                 all        3000        7382        0.49       0.137       0.119      0.0451
                 all        3000        7382      0.0416      0.0622      0.0221     0.00826
                 all        3000        7382       0.214       0.158      0.0962      0.0355
                 all        3000        7382       0.358       0.205       0.107       0.036
                 all        3000        7382       0.149       0.152      0.0438      0.0181
                 all        3000        7382       0.284        0.21       0.108      0.0399
                 all        3000        7382       0.294       0.143      0.0724      0.0277
                 all        3000        7382       0.423       0.157      0.0991      0.0372
                 all        3000        7382       0.226       0.211       0.127      0.0506
                 all        3000        7382       0.421       0.156      0.0965      0.0355
                 all        3000        7382       0.178         0.1      0.0536      0.0195
                 all        3000        7382       0.289       0.213        0.16      0.0608
