no change     /lfs/sware/anaconda3_2020/condabin/conda
no change     /lfs/sware/anaconda3_2020/bin/conda
no change     /lfs/sware/anaconda3_2020/bin/conda-env
no change     /lfs/sware/anaconda3_2020/bin/activate
no change     /lfs/sware/anaconda3_2020/bin/deactivate
no change     /lfs/sware/anaconda3_2020/etc/profile.d/conda.sh
no change     /lfs/sware/anaconda3_2020/etc/fish/conf.d/conda.fish
no change     /lfs/sware/anaconda3_2020/shell/condabin/Conda.psm1
no change     /lfs/sware/anaconda3_2020/shell/condabin/conda-hook.ps1
no change     /lfs/sware/anaconda3_2020/lib/python3.8/site-packages/xontrib/conda.xsh
no change     /lfs/sware/anaconda3_2020/etc/profile.d/conda.csh
no change     /lfs/usrhome/btech/ed16b016/.bashrc
No action taken.
Plotting labels... 

[34m[1mautoanchor: [0mAnalyzing anchors... anchors/target = 5.04, Best Possible Recall (BPR) = 0.9995
                 all         351        1146     0.00019      0.0694    8.83e-05    1.29e-05
                 all         351        1146      0.0014     0.00246     0.00018    2.78e-05
                 all         351        1146       0.012      0.0471     0.00668     0.00143
                 all         351        1146      0.0692       0.156      0.0342     0.00684
                 all         351        1146       0.122       0.167      0.0644      0.0142
                 all         351        1146       0.133       0.169      0.0803       0.019
                 all         351        1146       0.413       0.153      0.0963      0.0202
                 all         351        1146       0.103       0.162      0.0548      0.0141
                 all         351        1146       0.195       0.156      0.0928      0.0249
                 all         351        1146       0.221       0.132      0.0821      0.0198
                 all         351        1146       0.199       0.196       0.125      0.0357
                 all         351        1146       0.234       0.196       0.141      0.0395
                 all         351        1146      0.0211      0.0414     0.00432    0.000863
                 all         351        1146      0.0215      0.0525      0.0112      0.0028
                 all         351        1146       0.107       0.178      0.0619      0.0172
                 all         351        1146       0.286       0.257       0.206      0.0692
                 all         351        1146       0.243         0.2       0.134      0.0422
                 all         351        1146       0.128       0.144      0.0608      0.0167
                 all         351        1146        0.27       0.206       0.169      0.0552
                 all         351        1146       0.144       0.153      0.0784      0.0206
                 all         351        1146       0.199       0.241       0.144      0.0454
                 all         351        1146       0.277       0.222       0.188      0.0567
                 all         351        1146       0.278        0.25         0.2      0.0626
                 all         351        1146       0.289       0.327       0.244      0.0796
                 all         351        1146       0.375       0.293       0.273      0.0863
                 all         351        1146       0.153      0.0921      0.0473      0.0148
                 all         351        1146       0.296       0.306       0.228      0.0768
                 all         351        1146       0.246        0.29       0.198      0.0612
                 all         351        1146       0.316       0.246       0.193      0.0569
                 all         351        1146       0.253        0.29       0.207      0.0668
                 all         351        1146        0.28       0.301       0.227      0.0781
                 all         351        1146       0.281        0.23        0.18      0.0564
                 all         351        1146       0.207       0.191       0.126      0.0395
                 all         351        1146       0.279       0.327        0.25      0.0891
                 all         351        1146       0.308        0.31       0.249      0.0792
                 all         351        1146        0.33       0.296       0.256      0.0838
                 all         351        1146       0.356         0.3       0.255      0.0848
                 all         351        1146       0.263       0.333       0.231      0.0758
                 all         351        1146       0.326       0.302       0.239      0.0762
                 all         351        1146       0.397       0.265       0.254      0.0825
                 all         351        1146       0.219       0.228       0.145      0.0454
                 all         351        1146       0.194       0.247       0.147      0.0484
                 all         351        1146       0.401       0.278       0.258      0.0888
                 all         351        1146       0.319       0.294       0.233      0.0786
                 all         351        1146        0.35       0.281       0.235      0.0802
                 all         351        1146       0.334       0.305       0.234      0.0782
                 all         351        1146       0.359       0.271       0.226      0.0748
                 all         351        1146       0.355       0.268       0.246      0.0796
                 all         351        1146        0.35       0.317        0.26      0.0858
                 all         351        1146       0.312       0.317       0.233      0.0757
                 all         351        1146       0.331       0.329       0.268      0.0868
                 all         351        1146       0.323       0.316       0.253      0.0856
                 all         351        1146       0.341       0.312       0.256      0.0895
                 all         351        1146       0.323       0.294       0.234      0.0795
                 all         351        1146       0.463       0.257       0.262      0.0864
                 all         351        1146       0.311       0.319        0.24      0.0779
                 all         351        1146       0.396       0.309       0.264      0.0888
                 all         351        1146       0.338       0.286       0.234      0.0757
                 all         351        1146       0.347       0.326       0.265       0.089
                 all         351        1146       0.296        0.34       0.248      0.0841
                 all         351        1146       0.371       0.318       0.266      0.0913
                 all         351        1146       0.399       0.314       0.268      0.0896
                 all         351        1146       0.354       0.268       0.219      0.0744
                 all         351        1146       0.357       0.287       0.246       0.081
                 all         351        1146       0.358       0.285       0.235      0.0778
                 all         351        1146       0.385       0.287       0.253      0.0853
                 all         351        1146       0.361       0.314       0.255      0.0866
                 all         351        1146       0.433        0.26       0.253      0.0869
                 all         351        1146       0.327       0.289       0.238      0.0826
                 all         351        1146       0.377       0.299        0.26      0.0875
                 all         351        1146       0.336        0.32       0.247      0.0846
                 all         351        1146        0.36       0.321       0.256       0.083
                 all         351        1146        0.39       0.319       0.262      0.0892
                 all         351        1146       0.367       0.289       0.245      0.0822
                 all         351        1146       0.408       0.275       0.248      0.0865
                 all         351        1146        0.41       0.276       0.257      0.0879
                 all         351        1146       0.394       0.297       0.246      0.0853
                 all         351        1146        0.37       0.309       0.257      0.0916
                 all         351        1146       0.343       0.337       0.257      0.0914
                 all         351        1146       0.386        0.32       0.262      0.0891
        Lung Opacity         351         288       0.399       0.326       0.241      0.0799
         Nodule/Mass         351         347       0.418       0.357       0.259      0.0975
        Other lesion         351         187        0.19       0.139       0.101      0.0316
    Pleural effusion         351         324       0.535       0.457       0.445       0.148
Optimizer stripped from /lfs/usrhome/btech/ed16b016/scratch/project/yolo/yolov5/runs/train/exp61/weights/last.pt, 175.1MB
Optimizer stripped from /lfs/usrhome/btech/ed16b016/scratch/project/yolo/yolov5/runs/train/exp61/weights/best.pt, 175.1MB
