no change     /lfs/sware/anaconda3_2020/condabin/conda
no change     /lfs/sware/anaconda3_2020/bin/conda
no change     /lfs/sware/anaconda3_2020/bin/conda-env
no change     /lfs/sware/anaconda3_2020/bin/activate
no change     /lfs/sware/anaconda3_2020/bin/deactivate
no change     /lfs/sware/anaconda3_2020/etc/profile.d/conda.sh
no change     /lfs/sware/anaconda3_2020/etc/fish/conf.d/conda.fish
no change     /lfs/sware/anaconda3_2020/shell/condabin/Conda.psm1
no change     /lfs/sware/anaconda3_2020/shell/condabin/conda-hook.ps1
no change     /lfs/sware/anaconda3_2020/lib/python3.8/site-packages/xontrib/conda.xsh
no change     /lfs/sware/anaconda3_2020/etc/profile.d/conda.csh
no change     /lfs/usrhome/btech/ed16b016/.bashrc
No action taken.
Plotting labels... 

[34m[1mautoanchor: [0mAnalyzing anchors... anchors/target = 4.90, Best Possible Recall (BPR) = 1.0000
                 all          64         104    0.000693       0.165    0.000261    5.03e-05
                 all          64         104    0.000617       0.149    0.000313     4.9e-05
                 all          64         104    0.000434       0.149    0.000321    5.58e-05
                 all          64         104    0.000434       0.149    0.000209    3.95e-05
                 all          64         104    0.000382       0.131    0.000163    3.19e-05
                 all          64         104    0.000347       0.119    0.000255    4.91e-05
                 all          64         104    0.000417       0.143    0.000246    5.21e-05
                 all          64         104    0.000417       0.143    0.000282    4.86e-05
                 all          64         104    0.000469       0.161    0.000495    8.79e-05
                 all          64         104    0.000486       0.167      0.0004    6.58e-05
                 all          64         104    0.000486       0.167    0.000695    0.000146
                 all          64         104    0.000503       0.173     0.00122    0.000166
                 all          64         104       0.335      0.0119     0.00111    0.000176
                 all          64         104        0.67      0.0833     0.00158    0.000283
                 all          64         104     0.00682        0.25     0.00568    0.000865
                 all          64         104     0.00698       0.229     0.00432    0.000822
                 all          64         104       0.402      0.0371      0.0186     0.00474
                 all          64         104      0.0288       0.231      0.0189     0.00537
                 all          64         104       0.117        0.15      0.0535      0.0153
                 all          64         104       0.461       0.183      0.0757      0.0149
                 all          64         104        0.18       0.341       0.116      0.0328
                 all          64         104       0.183       0.328       0.128      0.0396
                 all          64         104       0.231       0.354       0.161      0.0417
                 all          64         104       0.196       0.335       0.158       0.042
                 all          64         104       0.331       0.272       0.122      0.0353
                 all          64         104       0.354        0.23       0.174      0.0438
                 all          64         104        0.39       0.332       0.191      0.0511
                 all          64         104       0.123       0.314        0.13      0.0384
                 all          64         104       0.447       0.225       0.225       0.066
                 all          64         104       0.385       0.258        0.23      0.0589
                 all          64         104       0.368       0.277       0.173      0.0591
                 all          64         104       0.527        0.25       0.214      0.0589
                 all          64         104       0.281       0.173       0.134      0.0258
                 all          64         104       0.321       0.206       0.155      0.0267
                 all          64         104       0.202       0.357        0.19      0.0544
                 all          64         104        0.23       0.352        0.17      0.0437
                 all          64         104       0.275       0.298        0.18      0.0621
                 all          64         104       0.312       0.144      0.0837      0.0217
                 all          64         104       0.472       0.254       0.217      0.0576
                 all          64         104       0.513       0.251        0.28      0.0862
                 all          64         104       0.497       0.341         0.3      0.0886
                 all          64         104       0.489       0.336       0.302      0.0852
                 all          64         104       0.339       0.251       0.197      0.0551
                 all          64         104       0.293       0.166      0.0904       0.022
                 all          64         104       0.361       0.295       0.232      0.0753
                 all          64         104       0.408       0.289       0.271      0.0764
                 all          64         104        0.26       0.339        0.22      0.0651
                 all          64         104       0.355       0.294       0.231       0.067
                 all          64         104       0.387       0.331       0.227      0.0828
                 all          64         104       0.333       0.286       0.228      0.0656
                 all          64         104       0.264       0.247       0.193      0.0585
                 all          64         104       0.374       0.357       0.288      0.0837
                 all          64         104       0.194       0.238       0.133      0.0385
                 all          64         104        0.38       0.285       0.208      0.0629
                 all          64         104       0.417       0.291       0.241      0.0855
                 all          64         104        0.47       0.219       0.243       0.078
                 all          64         104       0.348       0.264        0.24       0.075
                 all          64         104       0.767       0.224       0.298      0.0823
                 all          64         104       0.474        0.24        0.25      0.0849
                 all          64         104        0.44       0.203       0.196      0.0641
                 all          64         104       0.452       0.224       0.225       0.077
                 all          64         104       0.408       0.292       0.291      0.0972
                 all          64         104       0.432       0.175       0.168      0.0536
                 all          64         104       0.147       0.124       0.055      0.0158
                 all          64         104       0.422        0.13      0.0998      0.0376
                 all          64         104       0.312       0.185       0.142      0.0579
                 all          64         104       0.398       0.186       0.155      0.0516
                 all          64         104       0.529       0.254       0.272      0.0914
                 all          64         104       0.359       0.298       0.239      0.0883
                 all          64         104       0.378       0.316       0.258      0.0882
                 all          64         104       0.304       0.228       0.166      0.0515
                 all          64         104       0.267       0.262       0.178      0.0539
                 all          64         104       0.448       0.304        0.29      0.0755
                 all          64         104       0.289       0.356       0.224      0.0762
                 all          64         104       0.487       0.229       0.223      0.0739
                 all          64         104       0.583        0.31       0.287       0.109
                 all          64         104       0.513       0.243        0.26       0.103
                 all          64         104       0.398       0.292       0.264       0.106
                 all          64         104       0.251       0.336       0.236      0.0981
                 all          64         104       0.383       0.351       0.266      0.0934
         Atelectasis          64          23       0.241       0.303       0.249      0.0924
       Consolidation          64          56       0.394        0.51       0.357      0.0999
        Pneumothorax          64          25       0.516        0.24       0.193      0.0878
Optimizer stripped from /lfs/usrhome/btech/ed16b016/scratch/project/yolo/yolov5/runs/train/exp58/weights/last.pt, 175.1MB
Optimizer stripped from /lfs/usrhome/btech/ed16b016/scratch/project/yolo/yolov5/runs/train/exp58/weights/best.pt, 175.1MB
