no change     /lfs/sware/anaconda3_2020/condabin/conda
no change     /lfs/sware/anaconda3_2020/bin/conda
no change     /lfs/sware/anaconda3_2020/bin/conda-env
no change     /lfs/sware/anaconda3_2020/bin/activate
no change     /lfs/sware/anaconda3_2020/bin/deactivate
no change     /lfs/sware/anaconda3_2020/etc/profile.d/conda.sh
no change     /lfs/sware/anaconda3_2020/etc/fish/conf.d/conda.fish
no change     /lfs/sware/anaconda3_2020/shell/condabin/Conda.psm1
no change     /lfs/sware/anaconda3_2020/shell/condabin/conda-hook.ps1
no change     /lfs/sware/anaconda3_2020/lib/python3.8/site-packages/xontrib/conda.xsh
no change     /lfs/sware/anaconda3_2020/etc/profile.d/conda.csh
no change     /lfs/usrhome/btech/ed16b016/.bashrc
No action taken.
Plotting labels... 

[34m[1mautoanchor: [0mAnalyzing anchors... anchors/target = 4.37, Best Possible Recall (BPR) = 0.9996
                 all        3000        9502         0.9      0.0391      0.0363      0.0165
                 all        3000        9502       0.963       0.035      0.0315      0.0118
                 all        3000        9502       0.442      0.0551       0.044     0.00598
                 all        3000        9502       0.754      0.0212      0.0134     0.00475
                 all        3000        9502       0.914       0.088      0.0763      0.0435
                 all        3000        9502       0.796       0.081      0.0694      0.0418
                 all        3000        9502       0.909      0.0627      0.0444      0.0203
                 all        3000        9502       0.505       0.126      0.0944      0.0598
                 all        3000        9502       0.704       0.122       0.108       0.076
                 all        3000        9502       0.538      0.0939      0.0612      0.0513
                 all        3000        9502       0.365       0.134      0.0997      0.0673
                 all        3000        9502       0.914      0.0667      0.0503      0.0393
                 all        3000        9502       0.249      0.0843      0.0574      0.0463
                 all        3000        9502       0.342        0.18       0.111      0.0721
                 all        3000        9502       0.249       0.112      0.0327      0.0157
                 all        3000        9502       0.424       0.146      0.0972      0.0602
                 all        3000        9502       0.219        0.12      0.0612      0.0454
                 all        3000        9502       0.321       0.193       0.122      0.0671
                 all        3000        9502       0.305       0.129       0.095      0.0624
                 all        3000        9502       0.355       0.182        0.12      0.0688
                 all        3000        9502       0.984      0.0617      0.0695       0.051
                 all        3000        9502       0.563       0.119      0.0968      0.0683
                 all        3000        9502       0.408      0.0879      0.0621       0.055
                 all        3000        9502       0.792      0.0999      0.0945      0.0689
                 all        3000        9502       0.341      0.0951       0.067      0.0437
                 all        3000        9502       0.315       0.156       0.105      0.0756
                 all        3000        9502       0.394       0.161       0.105      0.0746
                 all        3000        9502       0.324       0.164       0.104      0.0612
                 all        3000        9502       0.302       0.169       0.122      0.0818
                 all        3000        9502        0.35       0.189       0.146      0.0912
                 all        3000        9502       0.439        0.19       0.138      0.0887
                 all        3000        9502       0.236       0.221       0.141      0.0843
                 all        3000        9502       0.325       0.225        0.14      0.0914
                 all        3000        9502       0.414       0.155       0.119       0.077
                 all        3000        9502       0.357       0.126      0.0842       0.062
                 all        3000        9502       0.235       0.247       0.148      0.0874
                 all        3000        9502       0.323       0.187       0.136       0.084
                 all        3000        9502       0.352       0.188       0.147      0.0907
                 all        3000        9502       0.457       0.204       0.173       0.105
                 all        3000        9502       0.393       0.194       0.153      0.0979
                 all        3000        9502       0.469       0.239       0.177       0.105
                 all        3000        9502       0.431       0.246       0.175       0.104
                 all        3000        9502       0.281       0.274       0.186       0.109
                 all        3000        9502       0.303       0.266       0.189        0.11
                 all        3000        9502       0.507       0.219       0.192       0.111
                 all        3000        9502       0.401       0.238       0.177       0.104
                 all        3000        9502       0.341        0.28       0.201       0.115
                 all        3000        9502       0.321       0.282        0.19       0.112
                 all        3000        9502       0.455       0.272       0.197       0.114
                 all        3000        9502       0.381       0.245       0.182       0.109
                 all        3000        9502       0.434       0.283       0.209       0.119
                 all        3000        9502       0.447       0.278       0.211        0.12
                 all        3000        9502       0.494        0.26       0.216       0.121
                 all        3000        9502       0.444       0.275       0.213       0.119
                 all        3000        9502       0.427       0.261       0.212        0.12
                 all        3000        9502       0.425       0.272       0.206       0.117
                 all        3000        9502       0.386        0.27       0.209       0.119
                 all        3000        9502       0.386       0.276       0.211       0.121
                 all        3000        9502       0.344       0.265       0.209       0.121
                 all        3000        9502       0.495       0.267       0.217       0.122
                 all        3000        9502       0.501       0.263        0.22       0.123
                 all        3000        9502       0.309       0.311       0.221       0.125
                 all        3000        9502       0.362       0.296        0.22       0.123
                 all        3000        9502       0.296       0.324        0.22       0.124
                 all        3000        9502       0.445       0.282       0.225       0.125
                 all        3000        9502       0.383       0.302       0.224       0.125
                 all        3000        9502       0.457       0.285       0.227       0.125
                 all        3000        9502       0.453       0.293       0.229       0.126
                 all        3000        9502       0.474       0.272       0.229       0.127
                 all        3000        9502       0.475       0.265       0.226       0.126
                 all        3000        9502       0.449       0.287       0.226       0.127
                 all        3000        9502       0.397        0.28       0.226       0.127
                 all        3000        9502       0.423       0.286       0.227       0.126
                 all        3000        9502       0.443       0.269       0.226       0.127
                 all        3000        9502       0.428       0.281       0.227       0.127
                 all        3000        9502       0.419       0.289       0.227       0.127
                 all        3000        9502        0.44       0.273       0.227       0.127
                 all        3000        9502       0.441       0.275       0.226       0.128
                 all        3000        9502       0.436       0.277       0.228       0.128
                 all        3000        9502        0.44       0.277       0.228       0.128
                 all        3000        9502        0.44       0.275       0.228       0.129
                 all        3000        9502       0.448       0.271       0.229       0.129
                 all        3000        9502       0.436       0.277       0.228       0.129
                 all        3000        9502       0.424        0.29       0.229       0.129
                 all        3000        9502       0.416       0.293        0.23       0.129
                 all        3000        9502       0.427       0.283       0.231       0.129
                 all        3000        9502       0.435       0.279        0.23       0.129
                 all        3000        9502       0.452       0.266        0.23       0.129
                 all        3000        9502       0.437       0.279       0.229       0.129
                 all        3000        9502       0.453       0.267       0.229       0.129
                 all        3000        9502       0.459       0.265       0.229       0.129
                 all        3000        9502       0.455       0.267       0.229       0.129
                 all        3000        9502       0.446       0.274       0.229       0.129
                 all        3000        9502       0.459       0.268       0.229       0.128
                 all        3000        9502        0.45       0.272        0.23       0.129
                 all        3000        9502       0.427       0.279       0.228       0.128
                 all        3000        9502       0.424        0.28       0.228       0.129
                 all        3000        9502       0.422       0.281       0.229       0.129
                 all        3000        9502       0.427       0.277       0.228       0.129
                 all        3000        9502       0.422       0.279       0.228       0.129
                 all        3000        9502       0.432       0.275       0.228       0.129
                 all        3000        9502       0.411       0.296       0.229       0.129
                 all        3000        9502       0.412       0.296        0.23       0.129
                 all        3000        9502       0.413       0.282        0.23       0.129
                 all        3000        9502       0.412       0.293       0.229       0.129
                 all        3000        9502       0.416       0.287        0.23       0.129
                 all        3000        9502       0.433       0.275       0.229       0.129
                 all        3000        9502       0.435       0.275        0.23        0.13
                 all        3000        9502       0.444       0.267       0.231       0.129
                 all        3000        9502       0.436       0.273       0.231        0.13
                 all        3000        9502       0.418       0.285       0.232        0.13
                 all        3000        9502       0.331        0.32       0.232        0.13
                 all        3000        9502        0.36       0.312       0.232        0.13
                 all        3000        9502       0.343       0.316       0.233        0.13
                 all        3000        9502       0.347       0.315       0.233        0.13
                 all        3000        9502       0.374       0.309       0.232        0.13
                 all        3000        9502        0.34       0.314       0.234       0.131
                 all        3000        9502       0.345       0.311       0.234       0.131
                 all        3000        9502        0.46       0.263       0.233       0.131
                 all        3000        9502        0.46       0.262       0.233       0.131
                 all        3000        9502        0.46       0.264       0.234       0.131
                 all        3000        9502        0.37       0.302       0.234       0.131
                 all        3000        9502       0.344       0.314       0.234       0.131
                 all        3000        9502        0.33       0.317       0.233       0.131
                 all        3000        9502       0.375       0.296       0.234       0.131
                 all        3000        9502        0.37       0.299       0.234       0.131
                 all        3000        9502       0.369       0.296       0.233       0.131
                 all        3000        9502       0.371       0.296       0.234       0.131
                 all        3000        9502       0.373       0.295       0.234       0.131
                 all        3000        9502       0.365       0.297       0.234       0.131
                 all        3000        9502       0.357       0.299       0.234       0.131
                 all        3000        9502        0.36       0.297       0.234       0.131
                 all        3000        9502       0.363       0.294       0.233       0.131
                 all        3000        9502       0.347       0.302       0.234       0.131
                 all        3000        9502       0.355       0.298       0.234       0.132
                 all        3000        9502       0.366       0.291       0.234       0.132
                 all        3000        9502       0.356       0.295       0.234       0.132
                 all        3000        9502        0.36       0.294       0.234       0.132
                 all        3000        9502       0.351       0.297       0.234       0.131
                 all        3000        9502       0.352       0.298       0.234       0.131
                 all        3000        9502       0.354       0.297       0.234       0.131
                 all        3000        9502       0.355       0.296       0.234       0.131
                 all        3000        9502       0.356       0.294       0.234       0.131
                 all        3000        9502       0.365        0.29       0.234       0.131
                 all        3000        9502       0.365       0.289       0.234       0.131
                 all        3000        9502       0.366       0.288       0.234       0.131
                 all        3000        9502        0.36       0.291       0.233       0.131
                 all        3000        9502       0.362       0.291       0.233       0.131
                 all        3000        9502       0.369       0.285       0.234       0.131
                 all        3000        9502       0.363       0.288       0.234       0.131
                 all        3000        9502       0.372       0.284       0.234       0.131
                 all        3000        9502       0.372       0.282       0.234       0.131
                 all        3000        9502       0.394       0.271       0.235       0.131
                 all        3000        9502       0.393        0.27       0.235       0.131
                 all        3000        9502       0.396        0.27       0.235       0.131
                 all        3000        9502        0.37       0.283       0.235       0.131
                 all        3000        9502       0.393        0.27       0.235       0.132
                 all        3000        9502       0.393       0.269       0.235       0.132
                 all        3000        9502       0.396       0.267       0.235       0.132
                 all        3000        9502       0.394        0.27       0.235       0.131
                 all        3000        9502       0.396       0.269       0.235       0.131
                 all        3000        9502       0.372       0.278       0.235       0.131
                 all        3000        9502       0.376       0.278       0.236       0.131
                 all        3000        9502       0.377       0.276       0.236       0.132
                 all        3000        9502       0.378       0.274       0.236       0.131
                 all        3000        9502        0.38       0.273       0.236       0.131
                 all        3000        9502       0.372       0.278       0.236       0.131
                 all        3000        9502       0.376       0.276       0.236       0.131
                 all        3000        9502       0.377       0.275       0.236       0.131
                 all        3000        9502       0.381       0.275       0.237       0.131
                 all        3000        9502        0.38       0.273       0.237       0.131
                 all        3000        9502       0.382       0.272       0.237       0.131
                 all        3000        9502       0.346       0.299       0.237       0.132
                 all        3000        9502       0.377       0.276       0.237       0.131
                 all        3000        9502       0.347       0.295       0.237       0.131
                 all        3000        9502       0.347       0.293       0.237       0.131
                 all        3000        9502       0.375       0.275       0.236       0.131
                 all        3000        9502       0.341       0.295       0.236       0.132
                 all        3000        9502       0.343       0.296       0.237       0.132
                 all        3000        9502       0.343       0.295       0.237       0.132
                 all        3000        9502       0.345       0.294       0.237       0.132
                 all        3000        9502       0.383       0.271       0.237       0.132
                 all        3000        9502       0.385       0.271       0.238       0.132
                 all        3000        9502        0.38       0.275       0.238       0.132
                 all        3000        9502       0.382       0.274       0.238       0.132
                 all        3000        9502       0.383       0.274       0.238       0.132
                 all        3000        9502       0.386       0.271       0.238       0.132
                 all        3000        9502       0.388       0.271       0.239       0.132
                 all        3000        9502        0.39       0.269       0.239       0.133
                 all        3000        9502        0.38       0.272       0.239       0.132
                 all        3000        9502       0.381       0.272       0.239       0.132
                 all        3000        9502       0.384       0.272        0.24       0.132
                 all        3000        9502       0.383       0.271        0.24       0.132
                 all        3000        9502       0.384        0.27       0.241       0.132
                 all        3000        9502       0.398       0.265       0.241       0.133
                 all        3000        9502       0.398       0.265        0.24       0.133
                 all        3000        9502       0.399       0.264        0.24       0.132
                 all        3000        9502       0.399       0.263        0.24       0.132
                 all        3000        9502        0.38       0.273        0.24       0.132
                 all        3000        9502       0.381       0.272        0.24       0.132
  Aortic enlargement        3000        1447       0.523       0.589       0.598         0.3
         Atelectasis        3000          71       0.512      0.0563       0.116      0.0397
       Calcification        3000         224       0.144      0.0402      0.0503      0.0144
        Cardiomegaly        3000        1079        0.47        0.45       0.495       0.265
       Consolidation        3000         112       0.329       0.214       0.171      0.0478
                 ILD        3000         242       0.259       0.178       0.148      0.0466
        Infiltration        3000         241        0.27       0.203       0.126      0.0433
        Lung Opacity        3000         504        0.22        0.21       0.136       0.037
         Nodule/Mass        3000         549       0.258       0.173        0.12      0.0466
        Other lesion        3000         450       0.245      0.0267      0.0251     0.00607
    Pleural effusion        3000         500       0.347       0.446       0.331       0.097
  Pleural thickening        3000         986       0.188       0.247       0.148      0.0384
        Pneumothorax        3000          30           1           0     0.00182    0.000676
  Pulmonary fibrosis        3000         947       0.222       0.249       0.157       0.047
          No finding        3000        2120        0.73           1       0.985       0.957
Optimizer stripped from runs/train/exp17/weights/last.pt, 175.3MB
Optimizer stripped from runs/train/exp17/weights/best.pt, 175.3MB
