no change     /lfs/sware/anaconda3_2020/condabin/conda
no change     /lfs/sware/anaconda3_2020/bin/conda
no change     /lfs/sware/anaconda3_2020/bin/conda-env
no change     /lfs/sware/anaconda3_2020/bin/activate
no change     /lfs/sware/anaconda3_2020/bin/deactivate
no change     /lfs/sware/anaconda3_2020/etc/profile.d/conda.sh
no change     /lfs/sware/anaconda3_2020/etc/fish/conf.d/conda.fish
no change     /lfs/sware/anaconda3_2020/shell/condabin/Conda.psm1
no change     /lfs/sware/anaconda3_2020/shell/condabin/conda-hook.ps1
no change     /lfs/sware/anaconda3_2020/lib/python3.8/site-packages/xontrib/conda.xsh
no change     /lfs/sware/anaconda3_2020/etc/profile.d/conda.csh
no change     /lfs/usrhome/btech/ed16b016/.bashrc
No action taken.
Plotting labels... 

[34m[1mautoanchor: [0mAnalyzing anchors... anchors/target = 4.94, Best Possible Recall (BPR) = 0.9997
                 all         154         291    0.000437       0.134    0.000148    2.14e-05
                 all         154         291    0.000802       0.203    0.000415    6.49e-05
                 all         154         291    0.000942       0.203    0.000396     6.6e-05
                 all         154         291      0.0042     0.00388     0.00132    0.000249
                 all         154         291      0.0013     0.00388     0.00017    2.14e-05
                 all         154         291      0.0113       0.143     0.00577     0.00107
                 all         154         291       0.369       0.132      0.0297     0.00742
                 all         154         291      0.0724       0.182      0.0305     0.00666
                 all         154         291       0.154       0.185      0.0534      0.0136
                 all         154         291       0.147       0.224      0.0915      0.0186
                 all         154         291       0.216       0.196        0.11      0.0245
                 all         154         291       0.173        0.33       0.147      0.0345
                 all         154         291       0.209       0.224        0.11      0.0261
                 all         154         291       0.222       0.296       0.139      0.0348
                 all         154         291        0.28       0.208       0.106      0.0269
                 all         154         291       0.248       0.228       0.154      0.0349
                 all         154         291       0.141       0.156      0.0648      0.0179
                 all         154         291       0.257       0.269       0.138      0.0365
                 all         154         291       0.163        0.38       0.138      0.0391
                 all         154         291      0.0455       0.142      0.0135       0.003
                 all         154         291       0.195       0.168       0.064      0.0159
                 all         154         291       0.129        0.22      0.0357     0.00763
                 all         154         291      0.0417       0.183      0.0142     0.00382
                 all         154         291       0.189       0.148      0.0436      0.0122
                 all         154         291       0.312       0.232       0.166      0.0455
                 all         154         291       0.114       0.164      0.0413     0.00996
                 all         154         291      0.0846       0.313      0.0383     0.00847
                 all         154         291       0.364       0.166       0.017     0.00388
                 all         154         291       0.219       0.281      0.0963      0.0247
                 all         154         291       0.701      0.0436      0.0184     0.00425
                 all         154         291       0.698      0.0125     0.00301       0.001
                 all         154         291      0.0374       0.145      0.0168     0.00462
                 all         154         291        0.13       0.294        0.11      0.0291
                 all         154         291       0.418       0.105      0.0326     0.00756
                 all         154         291       0.286       0.333       0.182      0.0644
                 all         154         291       0.109       0.279      0.0777      0.0161
                 all         154         291       0.207       0.265       0.164      0.0497
                 all         154         291        0.21       0.169       0.104       0.029
                 all         154         291       0.115      0.0967      0.0293     0.00808
                 all         154         291      0.0544       0.171      0.0196     0.00429
                 all         154         291       0.331       0.267       0.177      0.0504
                 all         154         291       0.283        0.35       0.254      0.0832
                 all         154         291       0.136       0.229      0.0736      0.0196
                 all         154         291       0.205       0.242       0.139      0.0434
                 all         154         291       0.397       0.288       0.279      0.0833
                 all         154         291       0.412       0.293        0.28      0.0897
                 all         154         291       0.335       0.307       0.245      0.0829
                 all         154         291       0.269        0.44       0.243       0.083
                 all         154         291       0.285       0.321        0.25      0.0868
                 all         154         291       0.275       0.384       0.261      0.0846
                 all         154         291       0.324       0.353       0.231        0.08
                 all         154         291       0.346       0.329       0.255      0.0812
                 all         154         291        0.41       0.243       0.214      0.0671
                 all         154         291       0.383       0.278        0.24      0.0841
                 all         154         291       0.416       0.199         0.2      0.0632
                 all         154         291       0.386       0.341       0.274      0.0951
                 all         154         291       0.348       0.358       0.264      0.0917
                 all         154         291       0.348        0.37        0.26      0.0926
                 all         154         291       0.349       0.325       0.259      0.0887
                 all         154         291       0.445       0.242       0.234      0.0692
                 all         154         291        0.41       0.346       0.291      0.0982
                 all         154         291       0.349       0.305       0.234      0.0735
                 all         154         291       0.428       0.334       0.274      0.0973
                 all         154         291       0.325       0.293       0.234      0.0739
                 all         154         291       0.331       0.271       0.216      0.0707
                 all         154         291       0.294       0.368        0.26      0.0869
                 all         154         291       0.335       0.295       0.225      0.0685
                 all         154         291       0.351       0.328       0.255      0.0858
                 all         154         291       0.344       0.306       0.239      0.0889
                 all         154         291       0.311       0.347       0.244      0.0875
                 all         154         291       0.332       0.279       0.247      0.0798
                 all         154         291       0.417       0.214       0.214      0.0726
                 all         154         291        0.41       0.328        0.26      0.0874
                 all         154         291       0.372       0.245       0.207      0.0708
                 all         154         291       0.342       0.324       0.245      0.0873
                 all         154         291        0.45       0.213       0.196        0.06
                 all         154         291       0.385       0.311       0.254      0.0894
                 all         154         291       0.316       0.302        0.23      0.0827
                 all         154         291       0.323       0.317       0.237      0.0809
                 all         154         291       0.358       0.308       0.233      0.0808
       Calcification         154         107       0.318       0.271       0.164      0.0525
                 ILD         154          86       0.292       0.326       0.199      0.0584
        Infiltration         154          98       0.465       0.327       0.336       0.132
Optimizer stripped from /lfs/usrhome/btech/ed16b016/scratch/project/yolo/yolov5/runs/train/exp55/weights/last.pt, 175.1MB
Optimizer stripped from /lfs/usrhome/btech/ed16b016/scratch/project/yolo/yolov5/runs/train/exp55/weights/best.pt, 175.1MB
