no change     /lfs/sware/anaconda3_2020/condabin/conda
no change     /lfs/sware/anaconda3_2020/bin/conda
no change     /lfs/sware/anaconda3_2020/bin/conda-env
no change     /lfs/sware/anaconda3_2020/bin/activate
no change     /lfs/sware/anaconda3_2020/bin/deactivate
no change     /lfs/sware/anaconda3_2020/etc/profile.d/conda.sh
no change     /lfs/sware/anaconda3_2020/etc/fish/conf.d/conda.fish
no change     /lfs/sware/anaconda3_2020/shell/condabin/Conda.psm1
no change     /lfs/sware/anaconda3_2020/shell/condabin/conda-hook.ps1
no change     /lfs/sware/anaconda3_2020/lib/python3.8/site-packages/xontrib/conda.xsh
no change     /lfs/sware/anaconda3_2020/etc/profile.d/conda.csh
no change     /lfs/usrhome/btech/ed16b016/.bashrc
No action taken.
Plotting labels... 

[34m[1mautoanchor: [0mAnalyzing anchors... anchors/target = 3.69, Best Possible Recall (BPR) = 0.9999
                 all        3000        9502       0.345      0.0304     0.00709    0.000724
                 all        3000        9502       0.676      0.0904      0.0785      0.0521
                 all        3000        9502       0.746      0.0151      0.0082     0.00263
                 all        3000        9502      0.0129     0.00143    0.000254    7.21e-05
                 all        3000        9502       0.423      0.0248      0.0117     0.00156
                 all        3000        9502       0.883       0.044       0.035     0.00502
                 all        3000        9502       0.581      0.0659      0.0565      0.0339
                 all        3000        9502       0.385       0.166       0.105      0.0491
                 all        3000        9502      0.0934      0.0492     0.00779     0.00215
                 all        3000        9502       0.495      0.0491      0.0271     0.00665
                 all        3000        9502       0.701       0.049      0.0369       0.023
                 all        3000        9502       0.275       0.151       0.109      0.0617
                 all        3000        9502       0.902      0.0601      0.0409      0.0224
                 all        3000        9502       0.162       0.162      0.0856      0.0257
                 all        3000        9502        0.66      0.0578      0.0448       0.018
                 all        3000        9502       0.695      0.0733      0.0562      0.0362
                 all        3000        9502       0.876      0.0717      0.0703      0.0484
                 all        3000        9502       0.501      0.0989      0.0894      0.0464
                 all        3000        9502       0.771      0.0545      0.0431     0.00673
                 all        3000        9502       0.835      0.0561      0.0425     0.00923
                 all        3000        9502       0.688      0.0899      0.0909      0.0533
                 all        3000        9502       0.174       0.179       0.101      0.0563
                 all        3000        9502        0.58      0.0656      0.0569      0.0416
                 all        3000        9502       0.756      0.0655      0.0577        0.04
                 all        3000        9502       0.754      0.0759      0.0725      0.0487
                 all        3000        9502       0.478      0.0709      0.0623      0.0532
                 all        3000        9502       0.293       0.176        0.12      0.0728
                 all        3000        9502       0.236      0.0902      0.0663      0.0485
                 all        3000        9502       0.352       0.171       0.107      0.0639
                 all        3000        9502       0.259       0.186       0.133      0.0687
                 all        3000        9502       0.409       0.228       0.148      0.0799
                 all        3000        9502       0.317       0.198       0.126      0.0741
                 all        3000        9502         0.3      0.0787      0.0674      0.0512
                 all        3000        9502       0.331       0.202       0.102      0.0635
                 all        3000        9502       0.332       0.195       0.126       0.071
                 all        3000        9502       0.536       0.188        0.16      0.0879
                 all        3000        9502        0.31         0.2       0.143      0.0767
                 all        3000        9502       0.403       0.155       0.114      0.0718
                 all        3000        9502       0.276       0.143       0.102      0.0645
                 all        3000        9502       0.258       0.193       0.118      0.0678
                 all        3000        9502       0.246       0.124      0.0819      0.0554
                 all        3000        9502       0.251       0.207       0.142      0.0783
                 all        3000        9502       0.244       0.205       0.144      0.0802
                 all        3000        9502       0.443       0.201       0.162      0.0861
                 all        3000        9502       0.294        0.23       0.155      0.0813
                 all        3000        9502       0.405       0.224       0.182      0.0947
                 all        3000        9502       0.403       0.225       0.181       0.094
                 all        3000        9502       0.414       0.232       0.182      0.0954
                 all        3000        9502       0.383       0.257       0.189      0.0969
                 all        3000        9502       0.393       0.247       0.196         0.1
                 all        3000        9502        0.37       0.262       0.196      0.0984
                 all        3000        9502       0.386       0.247       0.193      0.0981
                 all        3000        9502        0.37       0.261       0.201       0.101
                 all        3000        9502       0.397       0.254       0.199         0.1
                 all        3000        9502       0.465       0.234         0.2       0.101
                 all        3000        9502        0.44       0.229       0.189      0.0971
                 all        3000        9502       0.418       0.246       0.198       0.101
                 all        3000        9502         0.4       0.248       0.198       0.102
                 all        3000        9502       0.395       0.259       0.204       0.103
                 all        3000        9502       0.409       0.256       0.203       0.104
                 all        3000        9502       0.475        0.23         0.2       0.103
                 all        3000        9502        0.42       0.243       0.203       0.106
                 all        3000        9502       0.407       0.256       0.203       0.106
                 all        3000        9502       0.312       0.251       0.191       0.102
                 all        3000        9502       0.436       0.247       0.201       0.106
                 all        3000        9502       0.444       0.245       0.203       0.107
                 all        3000        9502       0.445       0.244       0.198       0.107
                 all        3000        9502       0.386       0.263       0.205       0.109
                 all        3000        9502       0.408       0.253       0.205       0.109
                 all        3000        9502        0.41       0.253       0.202       0.108
                 all        3000        9502       0.404       0.249         0.2       0.108
                 all        3000        9502       0.423       0.246       0.202       0.108
                 all        3000        9502       0.409       0.249       0.199       0.107
                 all        3000        9502       0.423       0.247       0.204       0.109
                 all        3000        9502       0.421       0.248       0.203       0.109
                 all        3000        9502       0.422       0.246       0.202       0.109
                 all        3000        9502       0.405       0.251       0.201       0.108
                 all        3000        9502       0.416       0.245         0.2       0.108
                 all        3000        9502       0.413       0.247       0.201       0.108
                 all        3000        9502       0.414       0.247       0.201       0.108
                 all        3000        9502       0.401       0.252       0.201       0.108
                 all        3000        9502       0.409       0.253       0.201       0.108
                 all        3000        9502       0.396       0.255         0.2       0.108
                 all        3000        9502       0.394       0.257         0.2       0.108
                 all        3000        9502       0.415       0.249       0.201       0.108
                 all        3000        9502       0.399       0.257       0.202       0.108
                 all        3000        9502         0.4       0.254       0.201       0.108