no change     /lfs/sware/anaconda3_2020/condabin/conda
no change     /lfs/sware/anaconda3_2020/bin/conda
no change     /lfs/sware/anaconda3_2020/bin/conda-env
no change     /lfs/sware/anaconda3_2020/bin/activate
no change     /lfs/sware/anaconda3_2020/bin/deactivate
no change     /lfs/sware/anaconda3_2020/etc/profile.d/conda.sh
no change     /lfs/sware/anaconda3_2020/etc/fish/conf.d/conda.fish
no change     /lfs/sware/anaconda3_2020/shell/condabin/Conda.psm1
no change     /lfs/sware/anaconda3_2020/shell/condabin/conda-hook.ps1
no change     /lfs/sware/anaconda3_2020/lib/python3.8/site-packages/xontrib/conda.xsh
no change     /lfs/sware/anaconda3_2020/etc/profile.d/conda.csh
no change     /lfs/usrhome/btech/ed16b016/.bashrc
No action taken.
Plotting labels... 

[34m[1mautoanchor: [0mAnalyzing anchors... anchors/target = 4.95, Best Possible Recall (BPR) = 0.9997
                 all       3e+03    4.64e+03       0.165      0.0797      0.0479      0.0205
                 all       3e+03    4.64e+03       0.153       0.135       0.069      0.0268
                 all       3e+03    4.64e+03       0.449      0.0226      0.0775      0.0301
                 all       3e+03    4.64e+03       0.274       0.175       0.151      0.0642
                 all       3e+03    4.64e+03       0.385       0.118        0.11      0.0388
                 all       3e+03    4.64e+03       0.471       0.156        0.19      0.0833
                 all       3e+03    4.64e+03       0.321       0.189        0.18       0.063
                 all       3e+03    4.64e+03       0.402       0.185       0.182      0.0765
                 all       3e+03    4.64e+03       0.328       0.311       0.259       0.107
                 all       3e+03    4.64e+03       0.414       0.212       0.209      0.0853
                 all       3e+03    4.64e+03        0.32       0.315       0.277        0.12
                 all       3e+03    4.64e+03       0.342       0.257        0.22      0.0937
                 all       3e+03    4.64e+03       0.372       0.276       0.262       0.113
                 all       3e+03    4.64e+03       0.372       0.308       0.284       0.126
                 all       3e+03    4.64e+03       0.311        0.31       0.265       0.115
                 all       3e+03    4.64e+03       0.302       0.371       0.287       0.124
                 all       3e+03    4.64e+03       0.321       0.331        0.28       0.119
                 all       3e+03    4.64e+03       0.398       0.338       0.309       0.138
                 all       3e+03    4.64e+03       0.373       0.325       0.302       0.137
                 all       3e+03    4.64e+03       0.352       0.337       0.296       0.128
                 all       3e+03    4.64e+03       0.366       0.336       0.303       0.134
                 all       3e+03    4.64e+03       0.329       0.369       0.318       0.143
                 all       3e+03    4.64e+03       0.363        0.32       0.289       0.128
                 all       3e+03    4.64e+03       0.344       0.339       0.286       0.121
                 all       3e+03    4.64e+03       0.335       0.352       0.313       0.138
                 all       3e+03    4.64e+03       0.372       0.331        0.29       0.129
                 all       3e+03    4.64e+03       0.381       0.378       0.339       0.152
                 all       3e+03    4.64e+03       0.376       0.387       0.331       0.151
                 all       3e+03    4.64e+03       0.339       0.413       0.337       0.152
                 all       3e+03    4.64e+03       0.345       0.424       0.355       0.165
                 all       3e+03    4.64e+03       0.357       0.395       0.331       0.146
                 all       3e+03    4.64e+03       0.373       0.398       0.345       0.159
                 all       3e+03    4.64e+03       0.342       0.361       0.303        0.14
                 all       3e+03    4.64e+03       0.369        0.42       0.359       0.163
                 all       3e+03    4.64e+03       0.343        0.43       0.348       0.158
                 all       3e+03    4.64e+03       0.378       0.424       0.366       0.164
                 all       3e+03    4.64e+03       0.384       0.405       0.342       0.161
                 all       3e+03    4.64e+03       0.418       0.397       0.352        0.16
                 all       3e+03    4.64e+03       0.366       0.416       0.357       0.167
                 all       3e+03    4.64e+03       0.389       0.441       0.368       0.169
                 all       3e+03    4.64e+03       0.378       0.456       0.367       0.165
                 all       3e+03    4.64e+03       0.395       0.425       0.374       0.169
                 all       3e+03    4.64e+03       0.372       0.445       0.369        0.17
                 all       3e+03    4.64e+03       0.385        0.47       0.384       0.177
                 all       3e+03    4.64e+03       0.372       0.426        0.37       0.169
                 all       3e+03    4.64e+03       0.366       0.476       0.387        0.18
                 all       3e+03    4.64e+03       0.389       0.465       0.382       0.178
                 all       3e+03    4.64e+03       0.354       0.471       0.377       0.175
                 all       3e+03    4.64e+03       0.379       0.474       0.388       0.182
                 all       3e+03    4.64e+03       0.384       0.469       0.391       0.178
                 all       3e+03    4.64e+03       0.368       0.472       0.389       0.182
                 all       3e+03    4.64e+03       0.372       0.466       0.379       0.178
                 all       3e+03    4.64e+03       0.375       0.463       0.382       0.182
                 all       3e+03    4.64e+03        0.38       0.448       0.382       0.183
                 all       3e+03    4.64e+03       0.383       0.453       0.386        0.18
                 all       3e+03    4.64e+03       0.384       0.458       0.388        0.18
                 all       3e+03    4.64e+03       0.396       0.462       0.391       0.181
                 all       3e+03    4.64e+03        0.39       0.476       0.389       0.182
                 all       3e+03    4.64e+03       0.396       0.482       0.386       0.179
                 all       3e+03    4.64e+03       0.383       0.479       0.385       0.181
                 all       3e+03    4.64e+03       0.388       0.472        0.39       0.181
                 all       3e+03    4.64e+03       0.383       0.478       0.397       0.184
                 all       3e+03    4.64e+03       0.388       0.471       0.393       0.184
                 all       3e+03    4.64e+03       0.377       0.469       0.389       0.184
                 all       3e+03    4.64e+03       0.388       0.465       0.391       0.184
                 all       3e+03    4.64e+03       0.391       0.465       0.393       0.183
                 all       3e+03    4.64e+03       0.389       0.475       0.396       0.185
                 all       3e+03    4.64e+03       0.375       0.475       0.388       0.184
                 all       3e+03    4.64e+03       0.387       0.467       0.385       0.184
                 all       3e+03    4.64e+03       0.385       0.463       0.389       0.185
                 all       3e+03    4.64e+03       0.386       0.467       0.386       0.185
                 all       3e+03    4.64e+03       0.384       0.472       0.387       0.184
                 all       3e+03    4.64e+03       0.377       0.469       0.381       0.183
                 all       3e+03    4.64e+03       0.379       0.466       0.381       0.182
                 all       3e+03    4.64e+03       0.381       0.472       0.385       0.183
                 all       3e+03    4.64e+03       0.382       0.473       0.392       0.187
                 all       3e+03    4.64e+03       0.374       0.474       0.388       0.185
                 all       3e+03    4.64e+03       0.377        0.47       0.385       0.185
                 all       3e+03    4.64e+03       0.384       0.465       0.388       0.184
                 all       3e+03    4.64e+03       0.382       0.468        0.39       0.183
                 all       3e+03    4.64e+03       0.391       0.468       0.388       0.184
                 all       3e+03    4.64e+03       0.385       0.474       0.389       0.183
                 all       3e+03    4.64e+03       0.382       0.477       0.389       0.184
                 all       3e+03    4.64e+03       0.375       0.477       0.385       0.184
                 all       3e+03    4.64e+03       0.374       0.475       0.386       0.185
                 all       3e+03    4.64e+03       0.374       0.475       0.384       0.184
                 all       3e+03    4.64e+03       0.376       0.469       0.383       0.184