no change     /lfs/sware/anaconda3_2020/condabin/conda
no change     /lfs/sware/anaconda3_2020/bin/conda
no change     /lfs/sware/anaconda3_2020/bin/conda-env
no change     /lfs/sware/anaconda3_2020/bin/activate
no change     /lfs/sware/anaconda3_2020/bin/deactivate
no change     /lfs/sware/anaconda3_2020/etc/profile.d/conda.sh
no change     /lfs/sware/anaconda3_2020/etc/fish/conf.d/conda.fish
no change     /lfs/sware/anaconda3_2020/shell/condabin/Conda.psm1
no change     /lfs/sware/anaconda3_2020/shell/condabin/conda-hook.ps1
no change     /lfs/sware/anaconda3_2020/lib/python3.8/site-packages/xontrib/conda.xsh
no change     /lfs/sware/anaconda3_2020/etc/profile.d/conda.csh
no change     /lfs/usrhome/btech/ed16b016/.bashrc
No action taken.
Plotting labels... 

[34m[1mautoanchor: [0mAnalyzing anchors... anchors/target = 4.49, Best Possible Recall (BPR) = 0.9999
                 all        3000        7382    0.000116     0.00172    6.31e-06    1.02e-06
                 all        3000        7382      0.0726      0.0127    0.000181    2.91e-05
                 all        3000        7382    9.92e-05      0.0321     2.5e-05    3.25e-06
                 all        3000        7382       0.224      0.0171     0.00555     0.00165
                 all        3000        7382       0.154       0.037     0.00407    0.000872
                 all        3000        7382        0.29      0.0109     0.00216    0.000552
                 all        3000        7382       0.501     0.00745    0.000708    0.000172
                 all        3000        7382       0.508      0.0108     0.00448     0.00125
                 all        3000        7382       0.652      0.0166     0.00537     0.00176
                 all        3000        7382       0.654      0.0177     0.00671     0.00216
                 all        3000        7382       0.582      0.0146      0.0068     0.00204
                 all        3000        7382        0.66      0.0274      0.0135     0.00503
                 all        3000        7382       0.651      0.0232      0.0071     0.00178
                 all        3000        7382       0.666      0.0366      0.0137     0.00381
                 all        3000        7382       0.585      0.0525      0.0125     0.00306
                 all        3000        7382       0.647     0.00494     0.00137     0.00034
                 all        3000        7382       0.446      0.0486      0.0129     0.00371
                 all        3000        7382       0.591      0.0269      0.0207     0.00589
                 all        3000        7382       0.221      0.0904     0.00617     0.00175
                 all        3000        7382       0.575      0.0608      0.0173     0.00615
                 all        3000        7382       0.585      0.0471      0.0115     0.00351
                 all        3000        7382       0.601        0.07      0.0236      0.0089
                 all        3000        7382       0.373      0.0809      0.0208      0.0083
                 all        3000        7382       0.805      0.0385      0.0143     0.00434
                 all        3000        7382       0.805      0.0428      0.0199     0.00749
                 all        3000        7382       0.595      0.0742      0.0173      0.0064
                 all        3000        7382       0.488      0.0812      0.0333       0.013
                 all        3000        7382       0.603       0.101      0.0312      0.0129
                 all        3000        7382        0.81      0.0445      0.0272      0.0102
                 all        3000        7382       0.636      0.0845       0.039      0.0144
                 all        3000        7382        0.89      0.0568      0.0372      0.0151
                 all        3000        7382       0.513        0.12      0.0492      0.0209
                 all        3000        7382       0.708      0.0716      0.0454      0.0183
                 all        3000        7382       0.772        0.07      0.0464       0.019
                 all        3000        7382       0.436       0.125       0.056      0.0232
                 all        3000        7382       0.424       0.152      0.0563      0.0238
                 all        3000        7382        0.37       0.146      0.0646      0.0256
                 all        3000        7382        0.51        0.12      0.0675      0.0271
                 all        3000        7382       0.408        0.16      0.0737      0.0297
                 all        3000        7382       0.371       0.149      0.0774      0.0314
                 all        3000        7382       0.351       0.156      0.0783      0.0314
                 all        3000        7382       0.266       0.182      0.0791      0.0312
                 all        3000        7382       0.181         0.2      0.0848      0.0334
                 all        3000        7382       0.289       0.193      0.0922       0.036
                 all        3000        7382       0.201       0.196      0.0969      0.0383
                 all        3000        7382       0.339       0.174      0.0975      0.0387
                 all        3000        7382       0.241       0.207       0.101      0.0406
                 all        3000        7382        0.29       0.187       0.106      0.0416
                 all        3000        7382       0.304       0.181       0.108      0.0421
                 all        3000        7382       0.344       0.182       0.111      0.0434
  Aortic enlargement        3000        1447       0.276        0.71       0.461       0.229
         Atelectasis        3000          71       0.461      0.0141      0.0486      0.0176
       Calcification        3000         224       0.243     0.00893      0.0172     0.00557
        Cardiomegaly        3000        1079       0.221       0.545       0.312       0.164
       Consolidation        3000         112       0.193       0.152      0.0659       0.017
                 ILD        3000         242       0.323      0.0692         0.1      0.0272
        Infiltration        3000         241        0.21       0.137      0.0684      0.0178
        Lung Opacity        3000         504       0.166       0.145      0.0707      0.0166
         Nodule/Mass        3000         549       0.218      0.0947      0.0715      0.0249
        Other lesion        3000         450           1           0     0.00816     0.00271
    Pleural effusion        3000         500       0.202        0.38       0.198      0.0508
  Pleural thickening        3000         986        0.13       0.186      0.0665       0.017
        Pneumothorax        3000          30           1           0           0           0
  Pulmonary fibrosis        3000         947        0.17        0.11        0.06      0.0173
