no change     /lfs/sware/anaconda3_2020/condabin/conda
no change     /lfs/sware/anaconda3_2020/bin/conda
no change     /lfs/sware/anaconda3_2020/bin/conda-env
no change     /lfs/sware/anaconda3_2020/bin/activate
no change     /lfs/sware/anaconda3_2020/bin/deactivate
no change     /lfs/sware/anaconda3_2020/etc/profile.d/conda.sh
no change     /lfs/sware/anaconda3_2020/etc/fish/conf.d/conda.fish
no change     /lfs/sware/anaconda3_2020/shell/condabin/Conda.psm1
no change     /lfs/sware/anaconda3_2020/shell/condabin/conda-hook.ps1
no change     /lfs/sware/anaconda3_2020/lib/python3.8/site-packages/xontrib/conda.xsh
no change     /lfs/sware/anaconda3_2020/etc/profile.d/conda.csh
no change     /lfs/usrhome/btech/ed16b016/.bashrc
No action taken.
Plotting labels... 

[34m[1mautoanchor: [0mAnalyzing anchors... anchors/target = 4.58, Best Possible Recall (BPR) = 0.9998
                 all         570        2612       0.103     0.00604    0.000508    9.05e-05
                 all         570        2612       0.712      0.0226      0.0138     0.00352
                 all         570        2612      0.0521      0.0827      0.0102     0.00243
                 all         570        2612      0.0149      0.0639      0.0018    0.000481
                 all         570        2612       0.405      0.0128      0.0015     0.00028
                 all         570        2612      0.0128      0.0627     0.00327    0.000912
                 all         570        2612        0.81     0.00738     0.00187     0.00044
                 all         570           0           0           0           0           0
                 all         570        2612    0.000124    0.000224    1.31e-06    1.31e-07
                 all         570        2612    0.000181     0.00252    2.39e-06    4.32e-07
                 all         570        2612       0.602     0.00134    0.000126    2.69e-05
                 all         570        2612     0.00152    0.000224    2.84e-05    2.84e-06
                 all         570        2612       0.106      0.0214     0.00113    0.000376
                 all         570        2612     0.00167      0.0231    0.000687    0.000195
                 all         570        2612       0.312      0.0123      0.0014    0.000247
                 all         570        2612      0.0202      0.0494     0.00712     0.00192
                 all         570        2612       0.236      0.0519      0.0113     0.00225
                 all         570        2612       0.315      0.0222     0.00391    0.000729
                 all         570        2612       0.337      0.0564      0.0058    0.000986
                 all         570        2612       0.211      0.0374     0.00312    0.000881
                 all         570        2612       0.124      0.0331     0.00442     0.00103
                 all         570        2612       0.332      0.0784      0.0228     0.00515
                 all         570        2612       0.135      0.0691       0.011     0.00259
                 all         570        2612       0.218       0.054     0.00787     0.00168
                 all         570        2612      0.0151       0.135     0.00557     0.00152
                 all         570        2612       0.121     0.00996     0.00201    0.000409
                 all         570        2612       0.133       0.022     0.00368    0.000767
                 all         570        2612       0.322      0.0195     0.00682     0.00155
                 all         570        2612       0.359      0.0767       0.023     0.00573
                 all         570        2612       0.191      0.0957      0.0318     0.00887
                 all         570        2612       0.184       0.186      0.0494      0.0115
                 all         570        2612        0.58      0.0563      0.0298     0.00888
                 all         570        2612       0.253       0.115      0.0239     0.00647
                 all         570        2612       0.571      0.0415      0.0205     0.00644
                 all         570        2612       0.343      0.0458       0.013     0.00405
                 all         570        2612       0.134      0.0609      0.0164     0.00417
                 all         570        2612       0.254      0.0999      0.0256     0.00651
                 all         570        2612       0.186      0.0477      0.0227     0.00681
                 all         570        2612       0.387      0.0904       0.042      0.0101
                 all         570        2612       0.446      0.0582      0.0206     0.00635
                 all         570        2612       0.271      0.0683      0.0255     0.00698
                 all         570        2612       0.282       0.141      0.0449       0.014
                 all         570        2612       0.346       0.129      0.0605      0.0155
                 all         570        2612       0.312      0.0428     0.00518     0.00139
                 all         570        2612       0.319       0.146       0.054      0.0133
                 all         570        2612       0.242      0.0543      0.0105     0.00314
                 all         570        2612       0.662      0.0393      0.0237     0.00643
                 all         570        2612       0.562      0.0641      0.0289     0.00823
                 all         570        2612       0.381       0.108       0.043      0.0132
                 all         570        2612        0.13      0.0553      0.0132     0.00313
                 all         570        2612       0.286       0.149      0.0565      0.0159
                 all         570        2612        0.26       0.109      0.0294     0.00868
                 all         570        2612       0.327       0.123      0.0496      0.0115
                 all         570        2612       0.277       0.173      0.0493       0.013
                 all         570        2612       0.253        0.18      0.0908      0.0237
                 all         570        2612        0.76      0.0762      0.0703      0.0198
                 all         570        2612       0.262      0.0662      0.0171     0.00468
                 all         570        2612       0.288        0.18      0.0601      0.0155
                 all         570        2612      0.0671      0.0694      0.0113       0.003
                 all         570        2612        0.47       0.135      0.0704      0.0187
                 all         570        2612       0.255       0.136      0.0756      0.0221
                 all         570        2612        0.35      0.0958      0.0435      0.0136
                 all         570        2612       0.509      0.0561      0.0372      0.0112
                 all         570        2612       0.253       0.185      0.0265       0.007
                 all         570        2612       0.188       0.109      0.0453      0.0132
                 all         570        2612       0.484      0.0491      0.0245     0.00773
                 all         570        2612      0.0204      0.0689     0.00499      0.0014
                 all         570        2612       0.295       0.112      0.0519      0.0133
                 all         570        2612       0.219       0.137      0.0633      0.0173
                 all         570        2612       0.207       0.223      0.0721      0.0225
                 all         570        2612        0.28        0.08      0.0363      0.0108
                 all         570        2612      0.0705      0.0462     0.00896     0.00323
                 all         570        2612       0.341       0.152      0.0789      0.0221
                 all         570        2612       0.231       0.194      0.0835       0.022
                 all         570        2612       0.072       0.131      0.0322     0.00885
                 all         570        2612       0.112       0.246      0.0853      0.0232
                 all         570        2612       0.305       0.223       0.146      0.0408
                 all         570        2612      0.0876       0.183      0.0542       0.014
                 all         570        2612      0.0949       0.105      0.0311     0.00818
                 all         570        2612       0.238       0.139      0.0646      0.0185
                 all         570        2612       0.281       0.162      0.0944      0.0253
                 all         570        2612       0.347       0.115      0.0472      0.0135
                 all         570        2612       0.264       0.188      0.0938      0.0274
                 all         570        2612      0.0585       0.191      0.0334     0.00842
                 all         570        2612       0.262       0.258       0.135      0.0389
                 all         570        2612       0.155       0.181      0.0888      0.0264
                 all         570        2612       0.197       0.251       0.134       0.038
                 all         570        2612       0.222       0.256       0.154      0.0468
                 all         570        2612       0.295       0.162       0.107      0.0335
                 all         570        2612       0.321       0.193       0.087      0.0243
                 all         570        2612       0.276       0.288       0.155      0.0479
                 all         570        2612       0.305       0.251       0.155      0.0472
                 all         570        2612       0.224         0.2       0.125      0.0349
                 all         570        2612        0.29       0.261       0.149      0.0432
                 all         570        2612       0.182       0.166      0.0866      0.0249
                 all         570        2612        0.27       0.248       0.165      0.0514
                 all         570        2612       0.368       0.127      0.0738      0.0234
                 all         570        2612       0.255       0.101      0.0565      0.0181
                 all         570        2612       0.262       0.158      0.0865      0.0254
                 all         570        2612      0.0822       0.103       0.029     0.00924
         Atelectasis         570          79           0           0     0.00191    0.000382
       Calcification         570         193       0.121       0.155      0.0566      0.0199
       Consolidation         570         104       0.172      0.0192     0.00906     0.00155
                 ILD         570         192       0.103       0.141      0.0432      0.0106
        Infiltration         570         244       0.115      0.0492       0.028     0.00799
        Lung Opacity         570         469      0.0297      0.0512     0.00315    0.000695
         Nodule/Mass         570         398       0.232       0.126       0.069      0.0302
        Other lesion         570         431     0.00733      0.0974     0.00701     0.00227
    Pleural effusion         570         447       0.035       0.338      0.0699      0.0183
        Pneumothorax         570          55     0.00683      0.0545     0.00236     0.00035
Optimizer stripped from /lfs/usrhome/btech/ed16b016/scratch/project/yolo/yolov5/runs/train/exp47/weights/last.pt, 175.3MB
Optimizer stripped from /lfs/usrhome/btech/ed16b016/scratch/project/yolo/yolov5/runs/train/exp47/weights/best.pt, 175.3MB
