no change     /lfs/sware/anaconda3_2020/condabin/conda
no change     /lfs/sware/anaconda3_2020/bin/conda
no change     /lfs/sware/anaconda3_2020/bin/conda-env
no change     /lfs/sware/anaconda3_2020/bin/activate
no change     /lfs/sware/anaconda3_2020/bin/deactivate
no change     /lfs/sware/anaconda3_2020/etc/profile.d/conda.sh
no change     /lfs/sware/anaconda3_2020/etc/fish/conf.d/conda.fish
no change     /lfs/sware/anaconda3_2020/shell/condabin/Conda.psm1
no change     /lfs/sware/anaconda3_2020/shell/condabin/conda-hook.ps1
no change     /lfs/sware/anaconda3_2020/lib/python3.8/site-packages/xontrib/conda.xsh
no change     /lfs/sware/anaconda3_2020/etc/profile.d/conda.csh
no change     /lfs/usrhome/btech/ed16b016/.bashrc
No action taken.
Plotting labels... 

[34m[1mautoanchor: [0mAnalyzing anchors... anchors/target = 5.09, Best Possible Recall (BPR) = 0.9995
                 all         833        4402       0.504       0.015    0.000873    0.000155
                 all         833        4402       0.197       0.297       0.131      0.0302
                 all         833        4402       0.199        0.24       0.163      0.0468
                 all         833        4402       0.651       0.163       0.113      0.0345
                 all         833        4402      0.0658      0.0466      0.0158     0.00501
                 all         833        4402       0.266       0.172       0.139      0.0308
                 all         833        4402       0.237       0.234       0.191      0.0735
                 all         833        4402       0.638       0.181       0.204      0.0713
                 all         833        4402       0.518       0.152       0.121      0.0372
                 all         833           0           0           0           0           0
                 all         833           0           0           0           0           0
                 all         833        4402     0.00306      0.0114    0.000398    7.32e-05
                 all         833        4402       0.128       0.151      0.0533      0.0172
                 all         833        4402      0.0884       0.242       0.055        0.02
                 all         833        4402       0.482        0.25       0.229      0.0922
                 all         833        4402      0.0208      0.0414     0.00326       0.001
                 all         833        4402    2.89e-05     0.00189    2.96e-07    3.91e-08
                 all         833        4402      0.0907       0.173      0.0746      0.0243
                 all         833        4402       0.398       0.142      0.0991      0.0359
                 all         833        4402       0.289       0.287        0.23      0.0855
                 all         833        4402       0.322        0.26       0.244      0.0926
                 all         833        4402       0.318       0.134        0.13       0.034
                 all         833        4402       0.254     0.00469    0.000381     6.9e-05
                 all         833        4402       0.403       0.195        0.19      0.0724
                 all         833        4402       0.376       0.179       0.088      0.0344
                 all         833        4402       0.302       0.242       0.185      0.0684
                 all         833        4402       0.382       0.239       0.203      0.0753
                 all         833        4402       0.385        0.37       0.341       0.148
                 all         833        4402       0.386       0.326       0.309       0.132
                 all         833        4402       0.227       0.224       0.154      0.0459
                 all         833        4402      0.0689     0.00811     0.00325     0.00169
                 all         833        4402       0.177        0.12      0.0879      0.0381
                 all         833        4402       0.351       0.266       0.243      0.0998
                 all         833        4402       0.327       0.324       0.258       0.101
                 all         833        4402      0.0325      0.0342     0.00237    0.000737
                 all         833        4402       0.174       0.164       0.113      0.0419
                 all         833        4402       0.346       0.255       0.224      0.0866
                 all         833        4402        0.29       0.333       0.208      0.0744
                 all         833        4402       0.335       0.374       0.298       0.121
                 all         833        4402       0.321       0.224       0.186      0.0735
                 all         833        4402       0.143       0.409       0.166      0.0794
                 all         833        4402       0.278       0.226       0.181       0.062
                 all         833        4402       0.396       0.311       0.319       0.131
                 all         833        4402       0.147       0.132      0.0726       0.028
                 all         833        4402       0.233       0.296       0.195      0.0718
                 all         833        4402       0.258       0.151       0.125      0.0468
                 all         833        4402       0.351       0.287        0.26       0.101
                 all         833        4402       0.119       0.165      0.0638      0.0195
                 all         833        4402       0.343       0.232       0.196      0.0669
                 all         833        4402       0.348       0.373       0.331       0.145
                 all         833        4402       0.338        0.31       0.251      0.0963
                 all         833        4402       0.372       0.368       0.349        0.15
                 all         833        4402       0.387       0.314       0.304       0.126
                 all         833        4402       0.317       0.298       0.275        0.11
                 all         833        4402       0.355       0.305       0.268         0.1
                 all         833        4402       0.151       0.234      0.0915      0.0336
                 all         833        4402       0.439       0.364        0.37       0.158
                 all         833        4402       0.241       0.296       0.196      0.0885
                 all         833        4402       0.426       0.293        0.29       0.123
                 all         833        4402       0.363       0.312       0.301       0.127
                 all         833        4402       0.364       0.294       0.278       0.125
                 all         833        4402       0.417       0.141       0.153      0.0618
                 all         833        4402       0.309        0.28       0.221       0.075
                 all         833        4402       0.362       0.319       0.292       0.112
                 all         833        4402       0.399        0.36       0.359       0.165
                 all         833        4402       0.443       0.322       0.338       0.147
                 all         833        4402       0.374       0.366       0.318       0.134
                 all         833           0           0           0           0           0
                 all         833        4402        0.22       0.357       0.116      0.0452
                 all         833        4402       0.396       0.386       0.356       0.152
                 all         833        4402       0.365       0.364        0.33       0.148
                 all         833        4402        0.34       0.333       0.303       0.133
                 all         833        4402       0.447       0.319       0.349       0.158
                 all         833        4402       0.467       0.018     0.00813     0.00253
                 all         833        4402       0.368       0.345       0.324       0.142
                 all         833        4402       0.431       0.289       0.264       0.102
                 all         833        4402        0.44       0.342       0.364       0.157
                 all         833        4402       0.392       0.367        0.35       0.159
                 all         833        4402       0.389        0.29       0.277       0.119
                 all         833        4402       0.391       0.325       0.305       0.139
                 all         833        4402       0.391       0.346       0.319       0.138
                 all         833        4402       0.466       0.301       0.375       0.172
                 all         833        4402       0.374       0.327       0.309       0.138
                 all         833        4402       0.392       0.372        0.35       0.153
                 all         833        4402       0.461       0.321       0.322       0.142
                 all         833        4402       0.477       0.308       0.321       0.129
                 all         833        4402       0.382       0.307       0.269       0.108
                 all         833        4402       0.433       0.235        0.24       0.091
                 all         833        4402       0.407       0.359       0.343       0.145
                 all         833        4402       0.449       0.356       0.373       0.167
                 all         833        4402       0.313       0.296        0.25      0.0882
                 all         833        4402       0.367       0.351       0.301       0.133
                 all         833        4402       0.375        0.42       0.379       0.171
                 all         833        4402       0.415       0.322       0.297       0.129
                 all         833        4402       0.414       0.383       0.371       0.171
                 all         833        4402       0.459       0.162        0.11      0.0385
                 all         833        4402       0.357       0.391       0.351       0.161
                 all         833        4402       0.468       0.343       0.375       0.167
                 all         833        4402       0.345        0.35       0.288       0.124
                 all         833        4402       0.433       0.332        0.34       0.157
                 all         833        4402       0.427      0.0479      0.0158     0.00461
                 all         833        4402       0.437       0.311       0.326       0.143
                 all         833        4402       0.418       0.306       0.303       0.132
                 all         833        4402       0.437       0.351       0.344       0.151
                 all         833        4402       0.437       0.382        0.39       0.175
                 all         833        4402       0.409       0.417       0.394        0.18
                 all         833        4402       0.481       0.321       0.379       0.171
                 all         833        4402       0.419       0.293       0.293       0.112
                 all         833        4402       0.424       0.371       0.369       0.167
                 all         833        4402       0.396       0.343       0.303       0.127
                 all         833        4402       0.472       0.331       0.374       0.173
                 all         833        4402       0.462       0.352       0.361       0.158
                 all         833        4402       0.373       0.389       0.363       0.163
                 all         833        4402       0.438       0.362       0.377       0.168
                 all         833        4402       0.429       0.388       0.393        0.18
                 all         833        4402       0.442       0.312       0.322       0.141
                 all         833        4402        0.41       0.348       0.333       0.145
                 all         833        4402       0.466       0.359       0.391        0.18
                 all         833        4402        0.47       0.387       0.404       0.186
                 all         833        4402       0.413       0.368       0.367       0.165
                 all         833        4402       0.354       0.387       0.313       0.119
                 all         833        4402       0.455       0.364       0.394       0.178
                 all         833        4402       0.492       0.356       0.371       0.162
                 all         833        4402       0.444       0.407       0.394       0.176
                 all         833        4402       0.485       0.372         0.4       0.182
                 all         833        4402        0.46       0.358         0.4       0.184
                 all         833        4402       0.491       0.366       0.395       0.178
                 all         833        4402       0.495       0.362       0.412       0.188
                 all         833        4402       0.446       0.366        0.36       0.156
                 all         833        4402       0.376       0.376       0.355       0.157
                 all         833        4402       0.382       0.447       0.394       0.178
                 all         833        4402       0.477       0.375       0.421       0.193
                 all         833        4402       0.437       0.417       0.424       0.196
                 all         833        4402       0.481       0.383       0.382        0.17
                 all         833        4402       0.525       0.343       0.422       0.195
                 all         833        4402       0.482       0.379       0.396       0.179
                 all         833        4402       0.541       0.346        0.43       0.198
                 all         833        4402       0.483       0.378       0.423       0.194
                 all         833        4402       0.457       0.399       0.424       0.196
                 all         833        4402       0.461        0.38       0.412       0.193
                 all         833        4402       0.501       0.379       0.426       0.197
                 all         833        4402       0.439       0.412       0.423       0.196
                 all         833        4402       0.492       0.352       0.423       0.195
                 all         833        4402       0.493       0.353       0.405       0.187
                 all         833        4402       0.533       0.366       0.434         0.2
                 all         833        4402       0.484       0.369       0.419        0.19
                 all         833        4402       0.461       0.398       0.413       0.192
                 all         833        4402       0.456       0.385       0.418       0.194
                 all         833        4402       0.506       0.364       0.416       0.187
                 all         833        4402       0.518       0.359       0.438       0.203
                 all         833        4402       0.462       0.381        0.42       0.193
                 all         833        4402        0.52       0.358       0.432       0.201
                 all         833        4402       0.578       0.333       0.428       0.198
                 all         833        4402       0.522       0.376       0.438       0.201
                 all         833        4402       0.415       0.427       0.409       0.189
                 all         833        4402       0.435       0.427       0.422       0.194
                 all         833        4402       0.423       0.407       0.404       0.189
                 all         833        4402       0.505       0.382       0.437       0.201
                 all         833        4402       0.526       0.375       0.448       0.207
                 all         833        4402       0.511       0.399       0.443       0.207
                 all         833        4402         0.5       0.366       0.427       0.198
                 all         833        4402       0.562       0.351       0.441       0.203
                 all         833        4402       0.475       0.413       0.436       0.199
                 all         833        4402       0.468       0.416       0.437       0.202
                 all         833        4402       0.541       0.358       0.448       0.206
                 all         833        4402       0.496       0.386        0.43       0.199
                 all         833        4402       0.488       0.411       0.443       0.205
                 all         833        4402       0.481       0.414       0.445       0.205
                 all         833        4402       0.507       0.386       0.444       0.207
                 all         833        4402       0.538       0.355       0.432         0.2
                 all         833        4402       0.533       0.363        0.44       0.205
                 all         833        4402        0.48       0.396       0.438       0.203
                 all         833        4402       0.515       0.376       0.447       0.205
                 all         833        4402       0.504       0.385       0.444       0.204
                 all         833        4402       0.449       0.424       0.431         0.2
                 all         833        4402       0.487       0.383       0.433       0.201
                 all         833        4402       0.522       0.371       0.437       0.203
                 all         833        4402        0.51       0.386       0.443       0.205
                 all         833        4402       0.545       0.366       0.448       0.208
                 all         833        4402       0.483       0.387        0.44       0.204
                 all         833        4402       0.532       0.365       0.447       0.206
                 all         833        4402       0.554       0.359       0.449       0.209
                 all         833        4402       0.561       0.361       0.453       0.208
                 all         833        4402       0.596       0.348       0.451       0.208
                 all         833        4402         0.6       0.346       0.454       0.209
                 all         833        4402       0.531       0.396       0.453       0.207
                 all         833        4402       0.581       0.352       0.454        0.21
                 all         833        4402       0.575       0.347       0.448       0.207
                 all         833        4402       0.532       0.376       0.451       0.208
                 all         833        4402       0.553       0.358       0.454       0.208
                 all         833        4402       0.533       0.361       0.443       0.206
                 all         833        4402       0.563       0.352        0.45       0.207
                 all         833        4402       0.559       0.358       0.452       0.208
                 all         833        4402       0.524       0.378       0.448       0.208
                 all         833        4402         0.5       0.394       0.444       0.208
                 all         833        4402       0.533       0.371       0.447       0.208
                 all         833        4402       0.557        0.37       0.452        0.21
                 all         833        4402       0.547       0.369       0.452        0.21
                 all         833        4402       0.556       0.367       0.452       0.209
                 all         833        4402       0.539       0.374       0.453        0.21
  Aortic enlargement         833        1451       0.745       0.422       0.657       0.342
        Cardiomegaly         833        1081       0.755       0.426       0.629       0.349
  Pleural thickening         833         906       0.312       0.323       0.249      0.0645
  Pulmonary fibrosis         833         964       0.343       0.325       0.275      0.0858
Optimizer stripped from /lfs/usrhome/btech/ed16b016/scratch/project/yolo/yolov5/runs/train/exp46/weights/last.pt, 175.1MB
Optimizer stripped from /lfs/usrhome/btech/ed16b016/scratch/project/yolo/yolov5/runs/train/exp46/weights/best.pt, 175.1MB
