no change     /lfs/sware/anaconda3_2020/condabin/conda
no change     /lfs/sware/anaconda3_2020/bin/conda
no change     /lfs/sware/anaconda3_2020/bin/conda-env
no change     /lfs/sware/anaconda3_2020/bin/activate
no change     /lfs/sware/anaconda3_2020/bin/deactivate
no change     /lfs/sware/anaconda3_2020/etc/profile.d/conda.sh
no change     /lfs/sware/anaconda3_2020/etc/fish/conf.d/conda.fish
no change     /lfs/sware/anaconda3_2020/shell/condabin/Conda.psm1
no change     /lfs/sware/anaconda3_2020/shell/condabin/conda-hook.ps1
no change     /lfs/sware/anaconda3_2020/lib/python3.8/site-packages/xontrib/conda.xsh
no change     /lfs/sware/anaconda3_2020/etc/profile.d/conda.csh
no change     /lfs/usrhome/btech/ed16b016/.bashrc
No action taken.
Plotting labels... 

[34m[1mautoanchor: [0mAnalyzing anchors... anchors/target = 4.93, Best Possible Recall (BPR) = 0.9996
                 all       3e+03    4.58e+03       0.248       0.112       0.069      0.0267
                 all       3e+03    4.58e+03       0.279     0.00367      0.0291     0.00701
                 all       3e+03    4.58e+03       0.424      0.0153      0.0957      0.0347
                 all       3e+03    4.58e+03       0.275       0.141       0.137      0.0494
                 all       3e+03    4.58e+03       0.409       0.201       0.203      0.0811
                 all       3e+03    4.58e+03       0.327       0.223       0.195       0.082
                 all       3e+03    4.58e+03        0.46        0.16       0.198      0.0879
                 all       3e+03    4.58e+03       0.437       0.225       0.221         0.1
                 all       3e+03    4.58e+03       0.456       0.151       0.197       0.079
                 all       3e+03    4.58e+03       0.356       0.191       0.205      0.0859
                 all       3e+03    4.58e+03       0.407       0.179       0.186       0.082
                 all       3e+03    4.58e+03       0.386       0.289       0.256        0.11
                 all       3e+03    4.58e+03       0.348       0.327       0.288       0.128
                 all       3e+03    4.58e+03       0.404       0.319       0.299        0.13
                 all       3e+03    4.58e+03       0.378       0.279       0.286       0.121
                 all       3e+03    4.58e+03       0.453       0.226       0.237       0.101
                 all       3e+03    4.58e+03       0.387       0.325         0.3       0.133
                 all       3e+03    4.58e+03       0.401       0.367       0.326       0.144
                 all       3e+03    4.58e+03        0.37       0.343       0.299       0.134
                 all       3e+03    4.58e+03       0.381       0.352       0.312       0.138
                 all       3e+03    4.58e+03       0.392       0.374       0.336       0.147
                 all       3e+03    4.58e+03       0.422       0.391       0.358       0.159
                 all       3e+03    4.58e+03       0.444       0.341       0.335       0.146
                 all       3e+03    4.58e+03       0.401        0.32       0.298        0.13
                 all       3e+03    4.58e+03       0.357         0.4       0.345       0.156
                 all       3e+03    4.58e+03       0.393       0.402       0.359       0.161
                 all       3e+03    4.58e+03       0.398       0.394       0.352       0.159
                 all       3e+03    4.58e+03       0.402       0.407        0.36       0.162
                 all       3e+03    4.58e+03       0.435       0.385       0.329       0.152
                 all       3e+03    4.58e+03        0.42       0.388       0.354        0.16
                 all       3e+03    4.58e+03       0.461       0.395       0.375       0.171
                 all       3e+03    4.58e+03       0.419        0.43       0.373       0.164
                 all       3e+03    4.58e+03        0.37       0.446       0.377       0.173
                 all       3e+03    4.58e+03       0.387        0.44        0.37       0.165
                 all       3e+03    4.58e+03       0.371       0.453       0.376        0.17
                 all       3e+03    4.58e+03       0.416       0.429       0.372       0.171
                 all       3e+03    4.58e+03       0.405       0.437       0.383       0.175
                 all       3e+03    4.58e+03       0.383       0.472       0.382       0.177
                 all       3e+03    4.58e+03        0.43       0.438       0.382       0.176
                 all       3e+03    4.58e+03       0.405       0.448       0.389       0.175
                 all       3e+03    4.58e+03       0.421       0.445       0.385       0.176
                 all       3e+03    4.58e+03       0.398       0.447       0.391       0.177
                 all       3e+03    4.58e+03       0.391        0.46       0.391       0.177
                 all       3e+03    4.58e+03       0.408       0.443       0.395       0.182
                 all       3e+03    4.58e+03       0.406       0.462       0.389       0.181
                 all       3e+03    4.58e+03       0.412       0.463       0.393       0.181
                 all       3e+03    4.58e+03       0.402       0.461       0.398       0.182
                 all       3e+03    4.58e+03        0.38       0.472       0.392       0.181
                 all       3e+03    4.58e+03         0.4       0.465       0.399       0.184
                 all       3e+03    4.58e+03       0.396       0.465       0.401       0.185
                 all       3e+03    4.58e+03       0.398       0.467       0.397       0.186
                 all       3e+03    4.58e+03       0.414       0.469       0.401       0.187
                 all       3e+03    4.58e+03       0.394       0.488       0.414       0.191
                 all       3e+03    4.58e+03        0.41       0.473        0.41        0.19
                 all       3e+03    4.58e+03       0.406       0.479       0.405       0.183
                 all       3e+03    4.58e+03       0.404       0.476       0.404       0.184
                 all       3e+03    4.58e+03       0.404        0.47       0.404       0.188
                 all       3e+03    4.58e+03       0.405       0.473         0.4       0.181
                 all       3e+03    4.58e+03       0.396       0.476       0.401       0.184
                 all       3e+03    4.58e+03       0.399       0.475       0.397       0.183
                 all       3e+03    4.58e+03       0.396       0.493       0.406       0.185
                 all       3e+03    4.58e+03       0.404       0.481         0.4       0.184
                 all       3e+03    4.58e+03       0.407       0.482       0.404       0.184
                 all       3e+03    4.58e+03       0.409       0.483       0.408       0.187
                 all       3e+03    4.58e+03       0.396       0.485       0.407       0.187
                 all       3e+03    4.58e+03       0.402       0.472         0.4       0.186
                 all       3e+03    4.58e+03       0.415       0.477       0.408       0.187
                 all       3e+03    4.58e+03       0.411        0.48       0.406       0.189
                 all       3e+03    4.58e+03       0.406       0.482       0.402        0.19
                 all       3e+03    4.58e+03       0.406       0.488       0.402       0.191
                 all       3e+03    4.58e+03       0.404       0.486       0.402        0.19
                 all       3e+03    4.58e+03       0.404        0.49       0.401       0.189
                 all       3e+03    4.58e+03       0.405       0.491         0.4       0.189
                 all       3e+03    4.58e+03       0.394        0.48       0.398       0.188
                 all       3e+03    4.58e+03       0.406       0.492       0.401       0.189
                 all       3e+03    4.58e+03       0.399       0.491         0.4       0.189
                 all       3e+03    4.58e+03       0.403       0.487       0.399       0.189
                 all       3e+03    4.58e+03         0.4        0.49       0.399        0.19
                 all       3e+03    4.58e+03       0.401       0.491       0.397       0.189
                 all       3e+03    4.58e+03       0.397       0.492       0.396        0.19
                 all       3e+03    4.58e+03       0.401       0.488       0.393       0.189
                 all       3e+03    4.58e+03       0.408       0.492       0.395        0.19
                 all       3e+03    4.58e+03       0.407       0.493       0.397       0.189
                 all       3e+03    4.58e+03       0.409       0.489       0.397       0.189
                 all       3e+03    4.58e+03       0.406       0.494       0.398        0.19
                 all       3e+03    4.58e+03       0.406       0.498       0.399        0.19
                 all       3e+03    4.58e+03       0.411       0.497       0.402        0.19