no change     /lfs/sware/anaconda3_2020/condabin/conda
no change     /lfs/sware/anaconda3_2020/bin/conda
no change     /lfs/sware/anaconda3_2020/bin/conda-env
no change     /lfs/sware/anaconda3_2020/bin/activate
no change     /lfs/sware/anaconda3_2020/bin/deactivate
no change     /lfs/sware/anaconda3_2020/etc/profile.d/conda.sh
no change     /lfs/sware/anaconda3_2020/etc/fish/conf.d/conda.fish
no change     /lfs/sware/anaconda3_2020/shell/condabin/Conda.psm1
no change     /lfs/sware/anaconda3_2020/shell/condabin/conda-hook.ps1
no change     /lfs/sware/anaconda3_2020/lib/python3.8/site-packages/xontrib/conda.xsh
no change     /lfs/sware/anaconda3_2020/etc/profile.d/conda.csh
no change     /lfs/usrhome/btech/ed16b016/.bashrc
No action taken.
Plotting labels... 

[34m[1mautoanchor: [0mAnalyzing anchors... anchors/target = 4.95, Best Possible Recall (BPR) = 0.9997
                 all       3e+03    4.64e+03      0.0302      0.0568      0.0373      0.0145
                 all       3e+03    4.64e+03       0.244       0.131       0.131      0.0549
                 all       3e+03    4.64e+03       0.199        0.16       0.113      0.0452
                 all       3e+03    4.64e+03       0.141       0.178       0.114      0.0473
                 all       3e+03    4.64e+03       0.223       0.202       0.163      0.0699
                 all       3e+03    4.64e+03       0.366       0.229       0.205      0.0938
                 all       3e+03    4.64e+03       0.324       0.156       0.158      0.0653
                 all       3e+03    4.64e+03       0.318       0.193       0.176      0.0695
                 all       3e+03    4.64e+03       0.453       0.271       0.253       0.102
                 all       3e+03    4.64e+03       0.381       0.291       0.275       0.115
                 all       3e+03    4.64e+03       0.335       0.302       0.267       0.111
                 all       3e+03    4.64e+03       0.402        0.33       0.314       0.135
                 all       3e+03    4.64e+03       0.435       0.343       0.317       0.143
                 all       3e+03    4.64e+03       0.418       0.361       0.334       0.147
                 all       3e+03    4.64e+03        0.41       0.324       0.308       0.129
                 all       3e+03    4.64e+03       0.401       0.337       0.302       0.133
                 all       3e+03    4.64e+03        0.38       0.356       0.308        0.14
                 all       3e+03    4.64e+03       0.335       0.386       0.323       0.142
                 all       3e+03    4.64e+03       0.367        0.38       0.331       0.145
                 all       3e+03    4.64e+03       0.347       0.367       0.313        0.14
                 all       3e+03    4.64e+03       0.393       0.365       0.334       0.148
                 all       3e+03    4.64e+03       0.396       0.377       0.344       0.151
                 all       3e+03    4.64e+03       0.382       0.394       0.335       0.147
                 all       3e+03    4.64e+03       0.364       0.415       0.351       0.152
                 all       3e+03    4.64e+03       0.381       0.418       0.365       0.163
                 all       3e+03    4.64e+03       0.405       0.403       0.352       0.156
                 all       3e+03    4.64e+03       0.405        0.37       0.344       0.157
                 all       3e+03    4.64e+03       0.364       0.427       0.362       0.162
                 all       3e+03    4.64e+03       0.403       0.395       0.349       0.156
                 all       3e+03    4.64e+03       0.413       0.407       0.363       0.158
                 all       3e+03    4.64e+03       0.407       0.417       0.369       0.164
                 all       3e+03    4.64e+03       0.384       0.454       0.386       0.175
                 all       3e+03    4.64e+03       0.375       0.459       0.388       0.174
                 all       3e+03    4.64e+03       0.374       0.449       0.377       0.168
                 all       3e+03    4.64e+03       0.409       0.437       0.393       0.177
                 all       3e+03    4.64e+03       0.366       0.436       0.376       0.173
                 all       3e+03    4.64e+03       0.387       0.472       0.401       0.183
                 all       3e+03    4.64e+03       0.384       0.451       0.387        0.18
                 all       3e+03    4.64e+03       0.392       0.444       0.399       0.181
                 all       3e+03    4.64e+03       0.387       0.454         0.4       0.181
                 all       3e+03    4.64e+03       0.376       0.466       0.395       0.182
                 all       3e+03    4.64e+03       0.402       0.457       0.404       0.186
                 all       3e+03    4.64e+03       0.363       0.463       0.396       0.185
                 all       3e+03    4.64e+03       0.395       0.478        0.41       0.192
                 all       3e+03    4.64e+03       0.382       0.485       0.405       0.186
                 all       3e+03    4.64e+03       0.384       0.464       0.394        0.18
                 all       3e+03    4.64e+03       0.397       0.486       0.401       0.187
                 all       3e+03    4.64e+03       0.379       0.491       0.403       0.192
                 all       3e+03    4.64e+03       0.395       0.464       0.406       0.189
                 all       3e+03    4.64e+03       0.364       0.507       0.409       0.186
                 all       3e+03    4.64e+03       0.398       0.493       0.417       0.199
                 all       3e+03    4.64e+03        0.39        0.49       0.418       0.193
                 all       3e+03    4.64e+03       0.411       0.484       0.422       0.196
                 all       3e+03    4.64e+03       0.391       0.491       0.418       0.192
                 all       3e+03    4.64e+03       0.404       0.487       0.413       0.192
                 all       3e+03    4.64e+03       0.406       0.497       0.416       0.195
                 all       3e+03    4.64e+03       0.394       0.493       0.419       0.197
                 all       3e+03    4.64e+03       0.388       0.492       0.412       0.191
                 all       3e+03    4.64e+03       0.389       0.488       0.402       0.193
                 all       3e+03    4.64e+03       0.395       0.481        0.41       0.193
                 all       3e+03    4.64e+03       0.409       0.488       0.417       0.195
                 all       3e+03    4.64e+03       0.407       0.492       0.418       0.197
                 all       3e+03    4.64e+03       0.402       0.501       0.419       0.197
                 all       3e+03    4.64e+03       0.416       0.497       0.417       0.198
                 all       3e+03    4.64e+03       0.409         0.5       0.419       0.199
                 all       3e+03    4.64e+03       0.401       0.494        0.42       0.199
                 all       3e+03    4.64e+03       0.404       0.492       0.422       0.201
                 all       3e+03    4.64e+03       0.395       0.499       0.419       0.199
                 all       3e+03    4.64e+03         0.4       0.501       0.416       0.201
                 all       3e+03    4.64e+03       0.392         0.5       0.411       0.196
                 all       3e+03    4.64e+03       0.391         0.5       0.406       0.199
                 all       3e+03    4.64e+03       0.393       0.502       0.405       0.197
                 all       3e+03    4.64e+03        0.39       0.507       0.406       0.197
                 all       3e+03    4.64e+03       0.393       0.509       0.407       0.196
                 all       3e+03    4.64e+03       0.401        0.51        0.41       0.198
                 all       3e+03    4.64e+03       0.393       0.512       0.405       0.197
                 all       3e+03    4.64e+03       0.395       0.515        0.41       0.198
                 all       3e+03    4.64e+03       0.395       0.515       0.411       0.198
                 all       3e+03    4.64e+03       0.395       0.514       0.413       0.198
                 all       3e+03    4.64e+03       0.392       0.516       0.414       0.199
                 all       3e+03    4.64e+03       0.394       0.515       0.413         0.2
                 all       3e+03    4.64e+03       0.392       0.512       0.413         0.2
                 all       3e+03    4.64e+03       0.397       0.514       0.409       0.198
                 all       3e+03    4.64e+03       0.395       0.514       0.409       0.197
                 all       3e+03    4.64e+03       0.393        0.51       0.406       0.195
                 all       3e+03    4.64e+03       0.393       0.515       0.405       0.194
                 all       3e+03    4.64e+03       0.394       0.516       0.408       0.195