no change     /lfs/sware/anaconda3_2020/condabin/conda
no change     /lfs/sware/anaconda3_2020/bin/conda
no change     /lfs/sware/anaconda3_2020/bin/conda-env
no change     /lfs/sware/anaconda3_2020/bin/activate
no change     /lfs/sware/anaconda3_2020/bin/deactivate
no change     /lfs/sware/anaconda3_2020/etc/profile.d/conda.sh
no change     /lfs/sware/anaconda3_2020/etc/fish/conf.d/conda.fish
no change     /lfs/sware/anaconda3_2020/shell/condabin/Conda.psm1
no change     /lfs/sware/anaconda3_2020/shell/condabin/conda-hook.ps1
no change     /lfs/sware/anaconda3_2020/lib/python3.8/site-packages/xontrib/conda.xsh
no change     /lfs/sware/anaconda3_2020/etc/profile.d/conda.csh
no change     /lfs/usrhome/btech/ed16b016/.bashrc
No action taken.
CUR_PATH /lfs/usrhome/btech/ed16b016/scratch/project/kfold_yolo/part_sergey/
[34m[1mgithub: [0mskipping check (not a git repository)
Plotting labels... 

[34m[1mautoanchor: [0mAnalyzing anchors... anchors/target = 4.83, Best Possible Recall (BPR) = 1.0000
                 all    2.17e+03          97       0.203       0.204       0.128      0.0453
fi [    0.11947]
best_fitness 0.0
                 all    2.17e+03          97       0.207       0.222       0.132      0.0499
fi [     0.1242]
best_fitness [    0.11947]
                 all    2.17e+03          97      0.0804       0.511       0.137      0.0543
fi [    0.12892]
best_fitness [     0.1242]
                 all    2.17e+03          97       0.408       0.207       0.156       0.056
fi [     0.1461]
best_fitness [    0.12892]
                 all    2.17e+03          97       0.227       0.253       0.141      0.0504
fi [    0.13191]
best_fitness [     0.1461]
                 all    2.17e+03          97       0.305        0.22       0.148      0.0543
fi [    0.13853]
best_fitness [     0.1461]
                 all    2.17e+03          97       0.551       0.174       0.145      0.0548
fi [     0.1363]
best_fitness [     0.1461]
                 all    2.17e+03          97       0.585       0.159       0.156       0.061
fi [    0.14677]
best_fitness [     0.1461]
                 all    2.17e+03          97       0.685       0.142       0.148       0.052
fi [    0.13869]
best_fitness [    0.14677]
                 all    2.17e+03          97       0.202       0.224       0.133      0.0542
fi [    0.12495]
best_fitness [    0.14677]
                 all    2.17e+03          97       0.234       0.209       0.146      0.0543
fi [    0.13699]
best_fitness [    0.14677]
                 all    2.17e+03          97       0.249       0.191       0.149      0.0591
fi [    0.13968]
best_fitness [    0.14677]
                 all    2.17e+03          97       0.263       0.207       0.161      0.0561
fi [    0.15076]
best_fitness [    0.14677]
                 all    2.17e+03          97       0.586        0.15       0.157      0.0561
fi [    0.14664]
best_fitness [    0.15076]
                 all    2.17e+03          97       0.302       0.195       0.152      0.0547
  Aortic enlargement    2.17e+03          13       0.229       0.538       0.323       0.116
         Atelectasis    2.17e+03           2           0           0       0.055      0.0055
       Calcification    2.17e+03          16        0.23       0.375       0.137      0.0416
        Cardiomegaly    2.17e+03          11       0.279       0.633       0.396       0.173
                 ILD    2.17e+03          17           1           0      0.0929      0.0429
        Lung Opacity    2.17e+03           3           0           0      0.0306      0.0165
         Nodule/Mass    2.17e+03           7       0.491       0.429       0.442       0.204
        Other lesion    2.17e+03          10       0.197       0.079      0.0503     0.00627
    Pleural effusion    2.17e+03           7       0.199       0.286       0.245      0.0305
  Pleural thickening    2.17e+03           2           0           0      0.0145     0.00302
        Pneumothorax    2.17e+03           1           1           0      0.0237     0.00711
  Pulmonary fibrosis    2.17e+03           8           0           0      0.0162     0.00892
fi [    0.14248]
best_fitness [    0.15076]
Optimizer stripped from /lfs/usrhome/btech/ed16b016/scratch/project/kfold_yolo/part_sergey/output/fold0/weights/last.pt, 175.3MB
Optimizer stripped from /lfs/usrhome/btech/ed16b016/scratch/project/kfold_yolo/part_sergey/output/fold0/weights/best.pt, 175.3MB
