no change     /lfs/sware/anaconda3_2020/condabin/conda
no change     /lfs/sware/anaconda3_2020/bin/conda
no change     /lfs/sware/anaconda3_2020/bin/conda-env
no change     /lfs/sware/anaconda3_2020/bin/activate
no change     /lfs/sware/anaconda3_2020/bin/deactivate
no change     /lfs/sware/anaconda3_2020/etc/profile.d/conda.sh
no change     /lfs/sware/anaconda3_2020/etc/fish/conf.d/conda.fish
no change     /lfs/sware/anaconda3_2020/shell/condabin/Conda.psm1
no change     /lfs/sware/anaconda3_2020/shell/condabin/conda-hook.ps1
no change     /lfs/sware/anaconda3_2020/lib/python3.8/site-packages/xontrib/conda.xsh
no change     /lfs/sware/anaconda3_2020/etc/profile.d/conda.csh
no change     /lfs/usrhome/btech/ed16b016/.bashrc
No action taken.
CUR_PATH /lfs/usrhome/btech/ed16b016/scratch/project/kfold_yolo/part_sergey/
[34m[1mgithub: [0mskipping check (not a git repository)
Plotting labels... 

[34m[1mautoanchor: [0mAnalyzing anchors... anchors/target = 4.77, Best Possible Recall (BPR) = 0.9945
                 all    2.18e+03         113       0.167       0.164       0.108      0.0439
fi [      0.102]
best_fitness 0.0
                 all    2.18e+03         113       0.171       0.176        0.12      0.0473
fi [    0.11315]
best_fitness [      0.102]
                 all    2.18e+03         113       0.191       0.176       0.125      0.0505
fi [    0.11766]
best_fitness [    0.11315]
                 all    2.18e+03         113       0.195       0.152       0.127       0.053
fi [     0.1195]
best_fitness [    0.11766]
                 all    2.18e+03         113       0.179       0.205       0.135      0.0539
fi [    0.12699]
best_fitness [     0.1195]
                 all    2.18e+03         113       0.215       0.188       0.136      0.0473
fi [    0.12726]
best_fitness [    0.12699]
                 all    2.18e+03         113       0.302       0.127       0.128      0.0519
fi [     0.1204]
best_fitness [    0.12726]
                 all    2.18e+03         113       0.191       0.159       0.132      0.0513
fi [    0.12436]
best_fitness [    0.12726]
                 all    2.18e+03         113       0.175       0.156       0.128      0.0492
fi [    0.11983]
best_fitness [    0.12726]
                 all    2.18e+03         113       0.498        0.12       0.135      0.0511
fi [    0.12684]
best_fitness [    0.12726]
                 all    2.18e+03         113      0.0929       0.266       0.137      0.0524
fi [    0.12854]
best_fitness [    0.12726]
                 all    2.18e+03         113       0.107       0.195       0.131      0.0504
fi [    0.12306]
best_fitness [    0.12854]
                 all    2.18e+03         113       0.467       0.124       0.121      0.0514
fi [    0.11413]
best_fitness [    0.12854]
                 all    2.18e+03         113       0.353       0.122       0.118      0.0503
fi [    0.11119]
best_fitness [    0.12854]
                 all    2.18e+03         113       0.463       0.126       0.135      0.0504
  Aortic enlargement    2.18e+03          21       0.315       0.308       0.275      0.0668
         Atelectasis    2.18e+03           2           0           0     0.00241    0.000241
       Calcification    2.18e+03           8      0.0839       0.125      0.0803       0.014
        Cardiomegaly    2.18e+03           6       0.206         0.5       0.512        0.29
       Consolidation    2.18e+03           3           1           0      0.0419      0.0251
                 ILD    2.18e+03          13           1           0      0.0302       0.015
        Infiltration    2.18e+03           3           1           0       0.249      0.0555
        Lung Opacity    2.18e+03           3           0           0      0.0391     0.00687
         Nodule/Mass    2.18e+03          14       0.445       0.214       0.171      0.0668
        Other lesion    2.18e+03          17       0.149      0.0588      0.0624      0.0409
    Pleural effusion    2.18e+03           7       0.194       0.143      0.0785     0.00823
  Pleural thickening    2.18e+03           9           1           0      0.0136     0.00675
  Pulmonary fibrosis    2.18e+03           7       0.622       0.286       0.196      0.0586
fi [    0.12621]
best_fitness [    0.12854]
Optimizer stripped from /lfs/usrhome/btech/ed16b016/scratch/project/kfold_yolo/part_sergey/output/fold32/weights/last.pt, 175.3MB
Optimizer stripped from /lfs/usrhome/btech/ed16b016/scratch/project/kfold_yolo/part_sergey/output/fold32/weights/best.pt, 175.3MB
