no change     /lfs/sware/anaconda3_2020/condabin/conda
no change     /lfs/sware/anaconda3_2020/bin/conda
no change     /lfs/sware/anaconda3_2020/bin/conda-env
no change     /lfs/sware/anaconda3_2020/bin/activate
no change     /lfs/sware/anaconda3_2020/bin/deactivate
no change     /lfs/sware/anaconda3_2020/etc/profile.d/conda.sh
no change     /lfs/sware/anaconda3_2020/etc/fish/conf.d/conda.fish
no change     /lfs/sware/anaconda3_2020/shell/condabin/Conda.psm1
no change     /lfs/sware/anaconda3_2020/shell/condabin/conda-hook.ps1
no change     /lfs/sware/anaconda3_2020/lib/python3.8/site-packages/xontrib/conda.xsh
no change     /lfs/sware/anaconda3_2020/etc/profile.d/conda.csh
no change     /lfs/usrhome/btech/ed16b016/.bashrc
No action taken.
CUR_PATH /lfs/usrhome/btech/ed16b016/scratch/project/kfold_yolo/part_sergey/
[34m[1mgithub: [0mskipping check (not a git repository)
Plotting labels... 

[34m[1mautoanchor: [0mAnalyzing anchors... anchors/target = 4.75, Best Possible Recall (BPR) = 0.9949
                 all    2.17e+03          88       0.163       0.235       0.142      0.0503
fi [    0.13245]
best_fitness 0.0
                 all    2.17e+03          88        0.14       0.266       0.152       0.046
fi [    0.14132]
best_fitness [    0.13245]
                 all    2.17e+03          88       0.145       0.261       0.166      0.0645
fi [    0.15564]
best_fitness [    0.14132]
                 all    2.17e+03          88       0.154       0.266       0.162      0.0601
fi [    0.15189]
best_fitness [    0.15564]
                 all    2.17e+03          88       0.189       0.256       0.184      0.0727
fi [    0.17242]
best_fitness [    0.15564]
                 all    2.17e+03          88       0.201       0.224       0.166      0.0724
fi [    0.15633]
best_fitness [    0.17242]
                 all    2.17e+03          88       0.198       0.264       0.201      0.0756
fi [    0.18878]
best_fitness [    0.17242]
                 all    2.17e+03          88       0.173       0.295       0.198      0.0737
fi [    0.18587]
best_fitness [    0.18878]
                 all    2.17e+03          88       0.155       0.289       0.197       0.079
fi [    0.18517]
best_fitness [    0.18878]
                 all    2.17e+03          88       0.182       0.255       0.195      0.0687
fi [    0.18227]
best_fitness [    0.18878]
                 all    2.17e+03          88       0.189       0.282       0.192      0.0752
fi [    0.18004]
best_fitness [    0.18878]
                 all    2.17e+03          88       0.189       0.273       0.185      0.0758
fi [    0.17437]
best_fitness [    0.18878]
                 all    2.17e+03          88       0.189       0.283         0.2      0.0859
fi [    0.18849]
best_fitness [    0.18878]
                 all    2.17e+03          88       0.191       0.254       0.188      0.0679
fi [    0.17625]
best_fitness [    0.18878]
                 all    2.17e+03          88       0.181       0.264       0.203      0.0793
  Aortic enlargement    2.17e+03          15         0.2       0.467       0.404       0.157
         Atelectasis    2.17e+03           2           0           0           0           0
       Calcification    2.17e+03          11       0.237       0.455       0.304       0.104
        Cardiomegaly    2.17e+03          11        0.21       0.727       0.367       0.202
       Consolidation    2.17e+03           4       0.196        0.25       0.164       0.078
                 ILD    2.17e+03           4           0           0     0.00972     0.00236
        Infiltration    2.17e+03           4           1       0.477       0.511       0.206
        Lung Opacity    2.17e+03           2           0           0      0.0321      0.0177
         Nodule/Mass    2.17e+03           7      0.0519       0.143       0.154      0.0616
        Other lesion    2.17e+03           7           0           0      0.0109     0.00128
    Pleural effusion    2.17e+03           3       0.183       0.667       0.447       0.145
  Pleural thickening    2.17e+03           6           0           0      0.0228     0.00714
  Pulmonary fibrosis    2.17e+03          12       0.272        0.25       0.209      0.0469
fi [    0.19038]
best_fitness [    0.18878]
Optimizer stripped from /lfs/usrhome/btech/ed16b016/scratch/project/kfold_yolo/part_sergey/output/fold22/weights/last.pt, 175.3MB
Optimizer stripped from /lfs/usrhome/btech/ed16b016/scratch/project/kfold_yolo/part_sergey/output/fold22/weights/best.pt, 175.3MB
